<?xml version="1.0" encoding="UTF-8"?>
<testsuite xmlns:xsi="http://www.w3.org/2001/XMLSchema-instance" xsi:schemaLocation="https://maven.apache.org/surefire/maven-surefire-plugin/xsd/surefire-test-report.xsd" name="TestCategoriesLaptops" time="17.596" tests="1" errors="0" skipped="0" failures="1">
  <properties>
[...]
</properties>
  <testcase name="laptopsSubcategoryFlow[0]" classname="TestCategoriesLaptops" time="17.263">
    <failure message="Laptop is not present" type="java.lang.AssertionError">java.lang.AssertionError: Laptop is not present
	at TestCategoriesLaptops.laptopsSubcategoryFlow(TestCategoriesLaptops.java:54)
</failure>
    <system-err><![CDATA[[main] INFO net.serenitybdd.core.Serenity - 
        __    _____ _____ ____ _____   ____   _    ____  ____  _____ ____  
  _     \ \  |_   _| ____/ ___|_   _| |  _ \ / \  / ___|/ ___|| ____|  _ \ 
 (_)_____| |   | | |  _| \___ \ | |   | |_) / _ \ \___ \\___ \|  _| | | | |
  _|_____| |   | | | |___ ___) || |   |  __/ ___ \ ___) |___) | |___| |_| |
 (_)     | |   |_| |_____|____/ |_|   |_| /_/   \_\____/|____/|_____|____/ 
        /_/                                                                

TEST PASSED: About Us button functionality
----------------------------------------------------------------------------
[pool-1-thread-3] INFO net.thucydides.core.reports.json.JSONTestOutcomeReporter - Generating JSON report for About Us button functionality to file /Users/marius/Downloads/Automation-Testing-master/target/site/serenity/01c802e2cddaf8323db88e435c6a6abe8dc704f82f1315f2e4f0fbb24aed9185.json (using temp file /Users/marius/Downloads/Automation-Testing-master/target/site/serenity/01c802e2cddaf8323db88e435c6a6abe8dc704f82f1315f2e4f0fbb24aed9185.json7e249ea2-2552-4971-9a4e-2f13140082ed)
[pool-1-thread-1] INFO net.thucydides.core.reports.json.JSONTestOutcomeReporter - Generating JSON report for About Us X button functionality to file /Users/marius/Downloads/Automation-Testing-master/target/site/serenity/716812577f1f07f0541a79c692aa4e6e1e747407ca2e62e9ffca632ee15bcc82.json (using temp file /Users/marius/Downloads/Automation-Testing-master/target/site/serenity/716812577f1f07f0541a79c692aa4e6e1e747407ca2e62e9ffca632ee15bcc82.json25d54e8a-4ce8-4e63-a66d-513ded5d2179)
[pool-1-thread-4] INFO net.thucydides.core.reports.json.JSONTestOutcomeReporter - Generating JSON report for About Us Close button functionality to file /Users/marius/Downloads/Automation-Testing-master/target/site/serenity/b33de08100c37e8d8059e948e0d25b2e495b011d91683e9be59e17f80970c816.json (using temp file /Users/marius/Downloads/Automation-Testing-master/target/site/serenity/b33de08100c37e8d8059e948e0d25b2e495b011d91683e9be59e17f80970c816.jsone74e5ffc-f0a6-4fb2-b43b-f48bc99ace99)
[pool-1-thread-2] INFO net.thucydides.core.reports.html.HtmlAcceptanceTestReporter - GENERATING HTML REPORT FOR Some feature:aboutUsFlowFunctionality in 01c802e2cddaf8323db88e435c6a6abe8dc704f82f1315f2e4f0fbb24aed9185.html in directory target/site/serenity  
[pool-1-thread-4] INFO net.thucydides.core.reports.html.HtmlAcceptanceTestReporter - GENERATING HTML REPORT FOR Some feature:aboutUsXButtonFunctionality in 716812577f1f07f0541a79c692aa4e6e1e747407ca2e62e9ffca632ee15bcc82.html in directory target/site/serenity  
[pool-1-thread-3] INFO net.thucydides.core.reports.html.HtmlAcceptanceTestReporter - GENERATING HTML REPORT FOR Some feature:aboutUsCloseButtonFunctionality in b33de08100c37e8d8059e948e0d25b2e495b011d91683e9be59e17f80970c816.html in directory target/site/serenity  
[main] INFO net.serenitybdd.core.Serenity - Test Suite Started: Test categories laptops
[main] INFO net.serenitybdd.core.Serenity - 
 _____ _____ ____ _____   ____ _____  _    ____ _____ _____ ____  
|_   _| ____/ ___|_   _| / ___|_   _|/ \  |  _ \_   _| ____|  _ \ 
  | | |  _| \___ \ | |   \___ \ | | / _ \ | |_) || | |  _| | | | |
  | | | |___ ___) || |    ___) || |/ ___ \|  _ < | | | |___| |_| |
  |_| |_____|____/ |_|   |____/ |_/_/   \_\_| \_\|_| |_____|____/ 
                                                                  

TEST STARTED: laptopsSubcategoryFlow[0]
-------------------------------------------------------------------
[main] INFO net.serenitybdd.core.Serenity - TEST NUMBER: 5
Feb 26, 2019 2:00:56 PM org.openqa.selenium.remote.ProtocolHandshake createSession
INFO: Detected dialect: OSS
]]></system-err>
  </testcase>
</testsuite>