-------------------------------------------------------------------------------
Test set: TestCategoriesLaptops
-------------------------------------------------------------------------------
Tests run: 1, Failures: 1, Errors: 0, Skipped: 0, Time elapsed: 17.596 sec <<< FAILURE! - in TestCategoriesLaptops
laptopsSubcategoryFlow[0](TestCategoriesLaptops)  Time elapsed: 17.263 sec  <<< FAILURE!
java.lang.AssertionError: Laptop is not present
	at TestCategoriesLaptops.laptopsSubcategoryFlow(TestCategoriesLaptops.java:54)

