<?xml version="1.0" encoding="UTF-8"?>
<testsuite xmlns:xsi="http://www.w3.org/2001/XMLSchema-instance" xsi:schemaLocation="https://maven.apache.org/surefire/maven-surefire-plugin/xsd/surefire-test-report.xsd" name="TestLoginLogout" time="143.418" tests="7" errors="1" skipped="0" failures="0">
  <properties>
[...]
</properties>
  <testcase name="emptyUsernameLogin[0]" classname="TestLoginLogout" time="17.388"/>
  <testcase name="successfulLogin[0]" classname="TestLoginLogout" time="45.321">
    <error message="Timed out after 15 seconds waiting for By.cssSelector: a.nav-link[data-target*=&quot;#logInModal&quot;] to be displayed&#10;Build info: version: &apos;3.4.0&apos;, revision: &apos;unknown&apos;, time: &apos;unknown&apos;&#10;System info: host: &apos;Mariuss-MacBook-Air.local&apos;, ip: &apos;fe80:0:0:0:caa:bcce:1620:ed6d%en0&apos;, os.name: &apos;Mac OS X&apos;, os.arch: &apos;x86_64&apos;, os.version: &apos;10.14.3&apos;, java.version: &apos;1.8.0_202&apos;&#10;Driver info: driver.version: unknown&#10;Build info: version: &apos;3.4.0&apos;, revision: &apos;unknown&apos;, time: &apos;unknown&apos;&#10;System info: host: &apos;Mariuss-MacBook-Air.local&apos;, ip: &apos;fe80:0:0:0:caa:bcce:1620:ed6d%en0&apos;, os.name: &apos;Mac OS X&apos;, os.arch: &apos;x86_64&apos;, os.version: &apos;10.14.3&apos;, java.version: &apos;1.8.0_202&apos;&#10;Driver info: driver.version: unknown" type="net.thucydides.core.webdriver.exceptions.ElementShouldBeVisibleException">net.thucydides.core.webdriver.exceptions.ElementShouldBeVisibleException: 
Timed out after 15 seconds waiting for By.cssSelector: a.nav-link[data-target*="#logInModal"] to be displayed
Build info: version: '3.4.0', revision: 'unknown', time: 'unknown'
System info: host: 'Mariuss-MacBook-Air.local', ip: 'fe80:0:0:0:caa:bcce:1620:ed6d%en0', os.name: 'Mac OS X', os.arch: 'x86_64', os.version: '10.14.3', java.version: '1.8.0_202'
Driver info: driver.version: unknown
Build info: version: '3.4.0', revision: 'unknown', time: 'unknown'
System info: host: 'Mariuss-MacBook-Air.local', ip: 'fe80:0:0:0:caa:bcce:1620:ed6d%en0', os.name: 'Mac OS X', os.arch: 'x86_64', os.version: '10.14.3', java.version: '1.8.0_202'
Driver info: driver.version: unknown
	at TestLoginLogout.successfulLogin(TestLoginLogout.java:61)
</error>
    <system-err><![CDATA[[main] INFO net.serenitybdd.core.Serenity - 
        __    _____ _____ ____ _____   ____   _    ____  ____  _____ ____  
  _     \ \  |_   _| ____/ ___|_   _| |  _ \ / \  / ___|/ ___|| ____|  _ \ 
 (_)_____| |   | | |  _| \___ \ | |   | |_) / _ \ \___ \\___ \|  _| | | | |
  _|_____| |   | | | |___ ___) || |   |  __/ ___ \ ___) |___) | |___| |_| |
 (_)     | |   |_| |_____|____/ |_|   |_| /_/   \_\____/|____/|_____|____/ 
        /_/                                                                

TEST PASSED: Empty field for username
----------------------------------------------------------------------------
[main] INFO net.serenitybdd.core.Serenity - 
 _____ _____ ____ _____   ____ _____  _    ____ _____ _____ ____  
|_   _| ____/ ___|_   _| / ___|_   _|/ \  |  _ \_   _| ____|  _ \ 
  | | |  _| \___ \ | |   \___ \ | | / _ \ | |_) || | |  _| | | | |
  | | | |___ ___) || |    ___) || |/ ___ \|  _ < | | | |___| |_| |
  |_| |_____|____/ |_|   |____/ |_/_/   \_\_| \_\|_| |_____|____/ 
                                                                  

TEST STARTED: successfulLogin[0]
-------------------------------------------------------------------
[main] INFO net.serenitybdd.core.Serenity - TEST NUMBER: 14
Feb 26, 2019 2:03:34 PM org.openqa.selenium.remote.ProtocolHandshake createSession
INFO: Detected dialect: OSS
2019-02-26 14:03:45.441 chromedriver[1291:357105] pid(1291)/euid(501) is calling TIS/TSM in non-main thread environment, ERROR : This is NOT allowed. Please call TIS/TSM in main thread!!!
2019-02-26 14:03:45.441 chromedriver[1291:357105] pid(1291)/euid(501) is calling TIS/TSM in non-main thread environment, ERROR : This is NOT allowed. Please call TIS/TSM in main thread!!!
2019-02-26 14:03:45.441 chromedriver[1291:357105] pid(1291)/euid(501) is calling TIS/TSM in non-main thread environment, ERROR : This is NOT allowed. Please call TIS/TSM in main thread!!!
2019-02-26 14:03:45.441 chromedriver[1291:357105] pid(1291)/euid(501) is calling TIS/TSM in non-main thread environment, ERROR : This is NOT allowed. Please call TIS/TSM in main thread!!!
2019-02-26 14:03:45.441 chromedriver[1291:357105] pid(1291)/euid(501) is calling TIS/TSM in non-main thread environment, ERROR : This is NOT allowed. Please call TIS/TSM in main thread!!!
2019-02-26 14:03:45.441 chromedriver[1291:357105] pid(1291)/euid(501) is calling TIS/TSM in non-main thread environment, ERROR : This is NOT allowed. Please call TIS/TSM in main thread!!!
2019-02-26 14:03:45.442 chromedriver[1291:357105] pid(1291)/euid(501) is calling TIS/TSM in non-main thread environment, ERROR : This is NOT allowed. Please call TIS/TSM in main thread!!!
2019-02-26 14:03:45.442 chromedriver[1291:357105] pid(1291)/euid(501) is calling TIS/TSM in non-main thread environment, ERROR : This is NOT allowed. Please call TIS/TSM in main thread!!!
2019-02-26 14:03:45.442 chromedriver[1291:357105] pid(1291)/euid(501) is calling TIS/TSM in non-main thread environment, ERROR : This is NOT allowed. Please call TIS/TSM in main thread!!!
2019-02-26 14:03:45.442 chromedriver[1291:357105] pid(1291)/euid(501) is calling TIS/TSM in non-main thread environment, ERROR : This is NOT allowed. Please call TIS/TSM in main thread!!!
2019-02-26 14:03:45.442 chromedriver[1291:357105] pid(1291)/euid(501) is calling TIS/TSM in non-main thread environment, ERROR : This is NOT allowed. Please call TIS/TSM in main thread!!!
2019-02-26 14:03:45.442 chromedriver[1291:357105] pid(1291)/euid(501) is calling TIS/TSM in non-main thread environment, ERROR : This is NOT allowed. Please call TIS/TSM in main thread!!!
2019-02-26 14:03:45.442 chromedriver[1291:357105] pid(1291)/euid(501) is calling TIS/TSM in non-main thread environment, ERROR : This is NOT allowed. Please call TIS/TSM in main thread!!!
2019-02-26 14:03:45.442 chromedriver[1291:357105] pid(1291)/euid(501) is calling TIS/TSM in non-main thread environment, ERROR : This is NOT allowed. Please call TIS/TSM in main thread!!!
2019-02-26 14:03:45.442 chromedriver[1291:357105] pid(1291)/euid(501) is calling TIS/TSM in non-main thread environment, ERROR : This is NOT allowed. Please call TIS/TSM in main thread!!!
2019-02-26 14:03:45.442 chromedriver[1291:357105] pid(1291)/euid(501) is calling TIS/TSM in non-main thread environment, ERROR : This is NOT allowed. Please call TIS/TSM in main thread!!!
2019-02-26 14:03:45.442 chromedriver[1291:357105] pid(1291)/euid(501) is calling TIS/TSM in non-main thread environment, ERROR : This is NOT allowed. Please call TIS/TSM in main thread!!!
2019-02-26 14:03:45.442 chromedriver[1291:357105] pid(1291)/euid(501) is calling TIS/TSM in non-main thread environment, ERROR : This is NOT allowed. Please call TIS/TSM in main thread!!!
2019-02-26 14:03:45.442 chromedriver[1291:357105] pid(1291)/euid(501) is calling TIS/TSM in non-main thread environment, ERROR : This is NOT allowed. Please call TIS/TSM in main thread!!!
2019-02-26 14:03:45.442 chromedriver[1291:357105] pid(1291)/euid(501) is calling TIS/TSM in non-main thread environment, ERROR : This is NOT allowed. Please call TIS/TSM in main thread!!!
2019-02-26 14:03:45.442 chromedriver[1291:357105] pid(1291)/euid(501) is calling TIS/TSM in non-main thread environment, ERROR : This is NOT allowed. Please call TIS/TSM in main thread!!!
2019-02-26 14:03:45.442 chromedriver[1291:357105] pid(1291)/euid(501) is calling TIS/TSM in non-main thread environment, ERROR : This is NOT allowed. Please call TIS/TSM in main thread!!!
2019-02-26 14:03:45.442 chromedriver[1291:357105] pid(1291)/euid(501) is calling TIS/TSM in non-main thread environment, ERROR : This is NOT allowed. Please call TIS/TSM in main thread!!!
2019-02-26 14:03:45.442 chromedriver[1291:357105] pid(1291)/euid(501) is calling TIS/TSM in non-main thread environment, ERROR : This is NOT allowed. Please call TIS/TSM in main thread!!!
2019-02-26 14:03:45.442 chromedriver[1291:357105] pid(1291)/euid(501) is calling TIS/TSM in non-main thread environment, ERROR : This is NOT allowed. Please call TIS/TSM in main thread!!!
2019-02-26 14:03:45.442 chromedriver[1291:357105] pid(1291)/euid(501) is calling TIS/TSM in non-main thread environment, ERROR : This is NOT allowed. Please call TIS/TSM in main thread!!!
2019-02-26 14:03:45.442 chromedriver[1291:357105] pid(1291)/euid(501) is calling TIS/TSM in non-main thread environment, ERROR : This is NOT allowed. Please call TIS/TSM in main thread!!!
2019-02-26 14:03:45.442 chromedriver[1291:357105] pid(1291)/euid(501) is calling TIS/TSM in non-main thread environment, ERROR : This is NOT allowed. Please call TIS/TSM in main thread!!!
2019-02-26 14:03:45.442 chromedriver[1291:357105] pid(1291)/euid(501) is calling TIS/TSM in non-main thread environment, ERROR : This is NOT allowed. Please call TIS/TSM in main thread!!!
2019-02-26 14:03:45.442 chromedriver[1291:357105] pid(1291)/euid(501) is calling TIS/TSM in non-main thread environment, ERROR : This is NOT allowed. Please call TIS/TSM in main thread!!!
2019-02-26 14:03:45.442 chromedriver[1291:357105] pid(1291)/euid(501) is calling TIS/TSM in non-main thread environment, ERROR : This is NOT allowed. Please call TIS/TSM in main thread!!!
2019-02-26 14:03:45.442 chromedriver[1291:357105] pid(1291)/euid(501) is calling TIS/TSM in non-main thread environment, ERROR : This is NOT allowed. Please call TIS/TSM in main thread!!!
2019-02-26 14:03:45.442 chromedriver[1291:357105] pid(1291)/euid(501) is calling TIS/TSM in non-main thread environment, ERROR : This is NOT allowed. Please call TIS/TSM in main thread!!!
2019-02-26 14:03:45.443 chromedriver[1291:357105] pid(1291)/euid(501) is calling TIS/TSM in non-main thread environment, ERROR : This is NOT allowed. Please call TIS/TSM in main thread!!!
2019-02-26 14:03:45.443 chromedriver[1291:357105] pid(1291)/euid(501) is calling TIS/TSM in non-main thread environment, ERROR : This is NOT allowed. Please call TIS/TSM in main thread!!!
2019-02-26 14:03:45.443 chromedriver[1291:357105] pid(1291)/euid(501) is calling TIS/TSM in non-main thread environment, ERROR : This is NOT allowed. Please call TIS/TSM in main thread!!!
2019-02-26 14:03:45.443 chromedriver[1291:357105] pid(1291)/euid(501) is calling TIS/TSM in non-main thread environment, ERROR : This is NOT allowed. Please call TIS/TSM in main thread!!!
2019-02-26 14:03:45.443 chromedriver[1291:357105] pid(1291)/euid(501) is calling TIS/TSM in non-main thread environment, ERROR : This is NOT allowed. Please call TIS/TSM in main thread!!!
2019-02-26 14:03:45.443 chromedriver[1291:357105] pid(1291)/euid(501) is calling TIS/TSM in non-main thread environment, ERROR : This is NOT allowed. Please call TIS/TSM in main thread!!!
2019-02-26 14:03:45.443 chromedriver[1291:357105] pid(1291)/euid(501) is calling TIS/TSM in non-main thread environment, ERROR : This is NOT allowed. Please call TIS/TSM in main thread!!!
2019-02-26 14:03:45.443 chromedriver[1291:357105] pid(1291)/euid(501) is calling TIS/TSM in non-main thread environment, ERROR : This is NOT allowed. Please call TIS/TSM in main thread!!!
2019-02-26 14:03:45.443 chromedriver[1291:357105] pid(1291)/euid(501) is calling TIS/TSM in non-main thread environment, ERROR : This is NOT allowed. Please call TIS/TSM in main thread!!!
2019-02-26 14:03:45.443 chromedriver[1291:357105] pid(1291)/euid(501) is calling TIS/TSM in non-main thread environment, ERROR : This is NOT allowed. Please call TIS/TSM in main thread!!!
2019-02-26 14:03:45.443 chromedriver[1291:357105] pid(1291)/euid(501) is calling TIS/TSM in non-main thread environment, ERROR : This is NOT allowed. Please call TIS/TSM in main thread!!!
2019-02-26 14:03:45.443 chromedriver[1291:357105] pid(1291)/euid(501) is calling TIS/TSM in non-main thread environment, ERROR : This is NOT allowed. Please call TIS/TSM in main thread!!!
2019-02-26 14:03:45.443 chromedriver[1291:357105] pid(1291)/euid(501) is calling TIS/TSM in non-main thread environment, ERROR : This is NOT allowed. Please call TIS/TSM in main thread!!!
2019-02-26 14:03:45.443 chromedriver[1291:357105] pid(1291)/euid(501) is calling TIS/TSM in non-main thread environment, ERROR : This is NOT allowed. Please call TIS/TSM in main thread!!!
2019-02-26 14:03:45.443 chromedriver[1291:357105] pid(1291)/euid(501) is calling TIS/TSM in non-main thread environment, ERROR : This is NOT allowed. Please call TIS/TSM in main thread!!!
2019-02-26 14:03:45.443 chromedriver[1291:357105] pid(1291)/euid(501) is calling TIS/TSM in non-main thread environment, ERROR : This is NOT allowed. Please call TIS/TSM in main thread!!!
2019-02-26 14:03:45.443 chromedriver[1291:357105] pid(1291)/euid(501) is calling TIS/TSM in non-main thread environment, ERROR : This is NOT allowed. Please call TIS/TSM in main thread!!!
2019-02-26 14:03:45.443 chromedriver[1291:357105] pid(1291)/euid(501) is calling TIS/TSM in non-main thread environment, ERROR : This is NOT allowed. Please call TIS/TSM in main thread!!!
2019-02-26 14:03:45.444 chromedriver[1291:357105] pid(1291)/euid(501) is calling TIS/TSM in non-main thread environment, ERROR : This is NOT allowed. Please call TIS/TSM in main thread!!!
2019-02-26 14:03:45.444 chromedriver[1291:357105] pid(1291)/euid(501) is calling TIS/TSM in non-main thread environment, ERROR : This is NOT allowed. Please call TIS/TSM in main thread!!!
2019-02-26 14:03:45.444 chromedriver[1291:357105] pid(1291)/euid(501) is calling TIS/TSM in non-main thread environment, ERROR : This is NOT allowed. Please call TIS/TSM in main thread!!!
2019-02-26 14:03:45.444 chromedriver[1291:357105] pid(1291)/euid(501) is calling TIS/TSM in non-main thread environment, ERROR : This is NOT allowed. Please call TIS/TSM in main thread!!!
2019-02-26 14:03:45.444 chromedriver[1291:357105] pid(1291)/euid(501) is calling TIS/TSM in non-main thread environment, ERROR : This is NOT allowed. Please call TIS/TSM in main thread!!!
2019-02-26 14:03:45.444 chromedriver[1291:357105] pid(1291)/euid(501) is calling TIS/TSM in non-main thread environment, ERROR : This is NOT allowed. Please call TIS/TSM in main thread!!!
2019-02-26 14:03:45.444 chromedriver[1291:357105] pid(1291)/euid(501) is calling TIS/TSM in non-main thread environment, ERROR : This is NOT allowed. Please call TIS/TSM in main thread!!!
2019-02-26 14:03:45.444 chromedriver[1291:357105] pid(1291)/euid(501) is calling TIS/TSM in non-main thread environment, ERROR : This is NOT allowed. Please call TIS/TSM in main thread!!!
2019-02-26 14:03:45.444 chromedriver[1291:357105] pid(1291)/euid(501) is calling TIS/TSM in non-main thread environment, ERROR : This is NOT allowed. Please call TIS/TSM in main thread!!!
2019-02-26 14:03:45.444 chromedriver[1291:357105] pid(1291)/euid(501) is calling TIS/TSM in non-main thread environment, ERROR : This is NOT allowed. Please call TIS/TSM in main thread!!!
2019-02-26 14:03:45.444 chromedriver[1291:357105] pid(1291)/euid(501) is calling TIS/TSM in non-main thread environment, ERROR : This is NOT allowed. Please call TIS/TSM in main thread!!!
2019-02-26 14:03:45.444 chromedriver[1291:357105] pid(1291)/euid(501) is calling TIS/TSM in non-main thread environment, ERROR : This is NOT allowed. Please call TIS/TSM in main thread!!!
2019-02-26 14:03:45.444 chromedriver[1291:357105] pid(1291)/euid(501) is calling TIS/TSM in non-main thread environment, ERROR : This is NOT allowed. Please call TIS/TSM in main thread!!!
2019-02-26 14:03:45.444 chromedriver[1291:357105] pid(1291)/euid(501) is calling TIS/TSM in non-main thread environment, ERROR : This is NOT allowed. Please call TIS/TSM in main thread!!!
2019-02-26 14:03:45.444 chromedriver[1291:357105] pid(1291)/euid(501) is calling TIS/TSM in non-main thread environment, ERROR : This is NOT allowed. Please call TIS/TSM in main thread!!!
2019-02-26 14:03:45.444 chromedriver[1291:357105] pid(1291)/euid(501) is calling TIS/TSM in non-main thread environment, ERROR : This is NOT allowed. Please call TIS/TSM in main thread!!!
2019-02-26 14:03:45.444 chromedriver[1291:357105] pid(1291)/euid(501) is calling TIS/TSM in non-main thread environment, ERROR : This is NOT allowed. Please call TIS/TSM in main thread!!!
2019-02-26 14:03:45.444 chromedriver[1291:357105] pid(1291)/euid(501) is calling TIS/TSM in non-main thread environment, ERROR : This is NOT allowed. Please call TIS/TSM in main thread!!!
2019-02-26 14:03:45.445 chromedriver[1291:357105] pid(1291)/euid(501) is calling TIS/TSM in non-main thread environment, ERROR : This is NOT allowed. Please call TIS/TSM in main thread!!!
2019-02-26 14:03:45.445 chromedriver[1291:357105] pid(1291)/euid(501) is calling TIS/TSM in non-main thread environment, ERROR : This is NOT allowed. Please call TIS/TSM in main thread!!!
2019-02-26 14:03:45.445 chromedriver[1291:357105] pid(1291)/euid(501) is calling TIS/TSM in non-main thread environment, ERROR : This is NOT allowed. Please call TIS/TSM in main thread!!!
2019-02-26 14:03:45.445 chromedriver[1291:357105] pid(1291)/euid(501) is calling TIS/TSM in non-main thread environment, ERROR : This is NOT allowed. Please call TIS/TSM in main thread!!!
2019-02-26 14:03:45.445 chromedriver[1291:357105] pid(1291)/euid(501) is calling TIS/TSM in non-main thread environment, ERROR : This is NOT allowed. Please call TIS/TSM in main thread!!!
2019-02-26 14:03:45.445 chromedriver[1291:357105] pid(1291)/euid(501) is calling TIS/TSM in non-main thread environment, ERROR : This is NOT allowed. Please call TIS/TSM in main thread!!!
2019-02-26 14:03:45.445 chromedriver[1291:357105] pid(1291)/euid(501) is calling TIS/TSM in non-main thread environment, ERROR : This is NOT allowed. Please call TIS/TSM in main thread!!!
2019-02-26 14:03:45.445 chromedriver[1291:357105] pid(1291)/euid(501) is calling TIS/TSM in non-main thread environment, ERROR : This is NOT allowed. Please call TIS/TSM in main thread!!!
2019-02-26 14:03:45.445 chromedriver[1291:357105] pid(1291)/euid(501) is calling TIS/TSM in non-main thread environment, ERROR : This is NOT allowed. Please call TIS/TSM in main thread!!!
2019-02-26 14:03:45.445 chromedriver[1291:357105] pid(1291)/euid(501) is calling TIS/TSM in non-main thread environment, ERROR : This is NOT allowed. Please call TIS/TSM in main thread!!!
2019-02-26 14:03:45.445 chromedriver[1291:357105] pid(1291)/euid(501) is calling TIS/TSM in non-main thread environment, ERROR : This is NOT allowed. Please call TIS/TSM in main thread!!!
2019-02-26 14:03:45.445 chromedriver[1291:357105] pid(1291)/euid(501) is calling TIS/TSM in non-main thread environment, ERROR : This is NOT allowed. Please call TIS/TSM in main thread!!!
2019-02-26 14:03:45.445 chromedriver[1291:357105] pid(1291)/euid(501) is calling TIS/TSM in non-main thread environment, ERROR : This is NOT allowed. Please call TIS/TSM in main thread!!!
2019-02-26 14:03:45.445 chromedriver[1291:357105] pid(1291)/euid(501) is calling TIS/TSM in non-main thread environment, ERROR : This is NOT allowed. Please call TIS/TSM in main thread!!!
2019-02-26 14:03:45.445 chromedriver[1291:357105] pid(1291)/euid(501) is calling TIS/TSM in non-main thread environment, ERROR : This is NOT allowed. Please call TIS/TSM in main thread!!!
2019-02-26 14:03:45.445 chromedriver[1291:357105] pid(1291)/euid(501) is calling TIS/TSM in non-main thread environment, ERROR : This is NOT allowed. Please call TIS/TSM in main thread!!!
2019-02-26 14:03:45.445 chromedriver[1291:357105] pid(1291)/euid(501) is calling TIS/TSM in non-main thread environment, ERROR : This is NOT allowed. Please call TIS/TSM in main thread!!!
2019-02-26 14:03:45.445 chromedriver[1291:357105] pid(1291)/euid(501) is calling TIS/TSM in non-main thread environment, ERROR : This is NOT allowed. Please call TIS/TSM in main thread!!!
2019-02-26 14:03:45.445 chromedriver[1291:357105] pid(1291)/euid(501) is calling TIS/TSM in non-main thread environment, ERROR : This is NOT allowed. Please call TIS/TSM in main thread!!!
2019-02-26 14:03:45.445 chromedriver[1291:357105] pid(1291)/euid(501) is calling TIS/TSM in non-main thread environment, ERROR : This is NOT allowed. Please call TIS/TSM in main thread!!!
2019-02-26 14:03:45.445 chromedriver[1291:357105] pid(1291)/euid(501) is calling TIS/TSM in non-main thread environment, ERROR : This is NOT allowed. Please call TIS/TSM in main thread!!!
2019-02-26 14:03:45.445 chromedriver[1291:357105] pid(1291)/euid(501) is calling TIS/TSM in non-main thread environment, ERROR : This is NOT allowed. Please call TIS/TSM in main thread!!!
2019-02-26 14:03:45.446 chromedriver[1291:357105] pid(1291)/euid(501) is calling TIS/TSM in non-main thread environment, ERROR : This is NOT allowed. Please call TIS/TSM in main thread!!!
2019-02-26 14:03:45.446 chromedriver[1291:357105] pid(1291)/euid(501) is calling TIS/TSM in non-main thread environment, ERROR : This is NOT allowed. Please call TIS/TSM in main thread!!!
2019-02-26 14:03:45.446 chromedriver[1291:357105] pid(1291)/euid(501) is calling TIS/TSM in non-main thread environment, ERROR : This is NOT allowed. Please call TIS/TSM in main thread!!!
2019-02-26 14:03:45.446 chromedriver[1291:357105] pid(1291)/euid(501) is calling TIS/TSM in non-main thread environment, ERROR : This is NOT allowed. Please call TIS/TSM in main thread!!!
2019-02-26 14:03:45.446 chromedriver[1291:357105] pid(1291)/euid(501) is calling TIS/TSM in non-main thread environment, ERROR : This is NOT allowed. Please call TIS/TSM in main thread!!!
2019-02-26 14:03:45.446 chromedriver[1291:357105] pid(1291)/euid(501) is calling TIS/TSM in non-main thread environment, ERROR : This is NOT allowed. Please call TIS/TSM in main thread!!!
2019-02-26 14:03:45.446 chromedriver[1291:357105] pid(1291)/euid(501) is calling TIS/TSM in non-main thread environment, ERROR : This is NOT allowed. Please call TIS/TSM in main thread!!!
2019-02-26 14:03:45.446 chromedriver[1291:357105] pid(1291)/euid(501) is calling TIS/TSM in non-main thread environment, ERROR : This is NOT allowed. Please call TIS/TSM in main thread!!!
2019-02-26 14:03:45.446 chromedriver[1291:357105] pid(1291)/euid(501) is calling TIS/TSM in non-main thread environment, ERROR : This is NOT allowed. Please call TIS/TSM in main thread!!!
2019-02-26 14:03:45.446 chromedriver[1291:357105] pid(1291)/euid(501) is calling TIS/TSM in non-main thread environment, ERROR : This is NOT allowed. Please call TIS/TSM in main thread!!!
2019-02-26 14:03:45.446 chromedriver[1291:357105] pid(1291)/euid(501) is calling TIS/TSM in non-main thread environment, ERROR : This is NOT allowed. Please call TIS/TSM in main thread!!!
2019-02-26 14:03:45.446 chromedriver[1291:357105] pid(1291)/euid(501) is calling TIS/TSM in non-main thread environment, ERROR : This is NOT allowed. Please call TIS/TSM in main thread!!!
2019-02-26 14:03:45.446 chromedriver[1291:357105] pid(1291)/euid(501) is calling TIS/TSM in non-main thread environment, ERROR : This is NOT allowed. Please call TIS/TSM in main thread!!!
2019-02-26 14:03:45.446 chromedriver[1291:357105] pid(1291)/euid(501) is calling TIS/TSM in non-main thread environment, ERROR : This is NOT allowed. Please call TIS/TSM in main thread!!!
2019-02-26 14:03:45.446 chromedriver[1291:357105] pid(1291)/euid(501) is calling TIS/TSM in non-main thread environment, ERROR : This is NOT allowed. Please call TIS/TSM in main thread!!!
2019-02-26 14:03:45.446 chromedriver[1291:357105] pid(1291)/euid(501) is calling TIS/TSM in non-main thread environment, ERROR : This is NOT allowed. Please call TIS/TSM in main thread!!!
2019-02-26 14:03:45.446 chromedriver[1291:357105] pid(1291)/euid(501) is calling TIS/TSM in non-main thread environment, ERROR : This is NOT allowed. Please call TIS/TSM in main thread!!!
2019-02-26 14:03:45.446 chromedriver[1291:357105] pid(1291)/euid(501) is calling TIS/TSM in non-main thread environment, ERROR : This is NOT allowed. Please call TIS/TSM in main thread!!!
2019-02-26 14:03:45.446 chromedriver[1291:357105] pid(1291)/euid(501) is calling TIS/TSM in non-main thread environment, ERROR : This is NOT allowed. Please call TIS/TSM in main thread!!!
2019-02-26 14:03:45.446 chromedriver[1291:357105] pid(1291)/euid(501) is calling TIS/TSM in non-main thread environment, ERROR : This is NOT allowed. Please call TIS/TSM in main thread!!!
2019-02-26 14:03:45.446 chromedriver[1291:357105] pid(1291)/euid(501) is calling TIS/TSM in non-main thread environment, ERROR : This is NOT allowed. Please call TIS/TSM in main thread!!!
2019-02-26 14:03:45.446 chromedriver[1291:357105] pid(1291)/euid(501) is calling TIS/TSM in non-main thread environment, ERROR : This is NOT allowed. Please call TIS/TSM in main thread!!!
2019-02-26 14:03:45.446 chromedriver[1291:357105] pid(1291)/euid(501) is calling TIS/TSM in non-main thread environment, ERROR : This is NOT allowed. Please call TIS/TSM in main thread!!!
2019-02-26 14:03:45.446 chromedriver[1291:357105] pid(1291)/euid(501) is calling TIS/TSM in non-main thread environment, ERROR : This is NOT allowed. Please call TIS/TSM in main thread!!!
2019-02-26 14:03:45.447 chromedriver[1291:357105] pid(1291)/euid(501) is calling TIS/TSM in non-main thread environment, ERROR : This is NOT allowed. Please call TIS/TSM in main thread!!!
2019-02-26 14:03:45.447 chromedriver[1291:357105] pid(1291)/euid(501) is calling TIS/TSM in non-main thread environment, ERROR : This is NOT allowed. Please call TIS/TSM in main thread!!!
2019-02-26 14:03:45.447 chromedriver[1291:357105] pid(1291)/euid(501) is calling TIS/TSM in non-main thread environment, ERROR : This is NOT allowed. Please call TIS/TSM in main thread!!!
2019-02-26 14:03:45.447 chromedriver[1291:357105] pid(1291)/euid(501) is calling TIS/TSM in non-main thread environment, ERROR : This is NOT allowed. Please call TIS/TSM in main thread!!!
2019-02-26 14:03:45.447 chromedriver[1291:357105] pid(1291)/euid(501) is calling TIS/TSM in non-main thread environment, ERROR : This is NOT allowed. Please call TIS/TSM in main thread!!!
2019-02-26 14:03:45.447 chromedriver[1291:357105] pid(1291)/euid(501) is calling TIS/TSM in non-main thread environment, ERROR : This is NOT allowed. Please call TIS/TSM in main thread!!!
2019-02-26 14:03:45.447 chromedriver[1291:357105] pid(1291)/euid(501) is calling TIS/TSM in non-main thread environment, ERROR : This is NOT allowed. Please call TIS/TSM in main thread!!!
2019-02-26 14:03:45.447 chromedriver[1291:357105] pid(1291)/euid(501) is calling TIS/TSM in non-main thread environment, ERROR : This is NOT allowed. Please call TIS/TSM in main thread!!!
2019-02-26 14:03:45.447 chromedriver[1291:357105] pid(1291)/euid(501) is calling TIS/TSM in non-main thread environment, ERROR : This is NOT allowed. Please call TIS/TSM in main thread!!!
2019-02-26 14:03:45.447 chromedriver[1291:357105] pid(1291)/euid(501) is calling TIS/TSM in non-main thread environment, ERROR : This is NOT allowed. Please call TIS/TSM in main thread!!!
2019-02-26 14:03:45.447 chromedriver[1291:357105] pid(1291)/euid(501) is calling TIS/TSM in non-main thread environment, ERROR : This is NOT allowed. Please call TIS/TSM in main thread!!!
2019-02-26 14:03:45.447 chromedriver[1291:357105] pid(1291)/euid(501) is calling TIS/TSM in non-main thread environment, ERROR : This is NOT allowed. Please call TIS/TSM in main thread!!!
2019-02-26 14:03:45.447 chromedriver[1291:357105] pid(1291)/euid(501) is calling TIS/TSM in non-main thread environment, ERROR : This is NOT allowed. Please call TIS/TSM in main thread!!!
2019-02-26 14:03:45.447 chromedriver[1291:357105] pid(1291)/euid(501) is calling TIS/TSM in non-main thread environment, ERROR : This is NOT allowed. Please call TIS/TSM in main thread!!!
2019-02-26 14:03:45.447 chromedriver[1291:357105] pid(1291)/euid(501) is calling TIS/TSM in non-main thread environment, ERROR : This is NOT allowed. Please call TIS/TSM in main thread!!!
2019-02-26 14:03:45.447 chromedriver[1291:357105] pid(1291)/euid(501) is calling TIS/TSM in non-main thread environment, ERROR : This is NOT allowed. Please call TIS/TSM in main thread!!!
2019-02-26 14:03:45.447 chromedriver[1291:357105] pid(1291)/euid(501) is calling TIS/TSM in non-main thread environment, ERROR : This is NOT allowed. Please call TIS/TSM in main thread!!!
2019-02-26 14:03:45.447 chromedriver[1291:357105] pid(1291)/euid(501) is calling TIS/TSM in non-main thread environment, ERROR : This is NOT allowed. Please call TIS/TSM in main thread!!!
2019-02-26 14:03:45.447 chromedriver[1291:357105] pid(1291)/euid(501) is calling TIS/TSM in non-main thread environment, ERROR : This is NOT allowed. Please call TIS/TSM in main thread!!!
2019-02-26 14:03:45.447 chromedriver[1291:357105] pid(1291)/euid(501) is calling TIS/TSM in non-main thread environment, ERROR : This is NOT allowed. Please call TIS/TSM in main thread!!!
2019-02-26 14:03:45.447 chromedriver[1291:357105] pid(1291)/euid(501) is calling TIS/TSM in non-main thread environment, ERROR : This is NOT allowed. Please call TIS/TSM in main thread!!!
2019-02-26 14:03:45.447 chromedriver[1291:357105] pid(1291)/euid(501) is calling TIS/TSM in non-main thread environment, ERROR : This is NOT allowed. Please call TIS/TSM in main thread!!!
2019-02-26 14:03:45.448 chromedriver[1291:357105] pid(1291)/euid(501) is calling TIS/TSM in non-main thread environment, ERROR : This is NOT allowed. Please call TIS/TSM in main thread!!!
2019-02-26 14:03:45.448 chromedriver[1291:357105] pid(1291)/euid(501) is calling TIS/TSM in non-main thread environment, ERROR : This is NOT allowed. Please call TIS/TSM in main thread!!!
2019-02-26 14:03:45.448 chromedriver[1291:357105] pid(1291)/euid(501) is calling TIS/TSM in non-main thread environment, ERROR : This is NOT allowed. Please call TIS/TSM in main thread!!!
2019-02-26 14:03:45.448 chromedriver[1291:357105] pid(1291)/euid(501) is calling TIS/TSM in non-main thread environment, ERROR : This is NOT allowed. Please call TIS/TSM in main thread!!!
2019-02-26 14:03:45.448 chromedriver[1291:357105] pid(1291)/euid(501) is calling TIS/TSM in non-main thread environment, ERROR : This is NOT allowed. Please call TIS/TSM in main thread!!!
2019-02-26 14:03:45.448 chromedriver[1291:357105] pid(1291)/euid(501) is calling TIS/TSM in non-main thread environment, ERROR : This is NOT allowed. Please call TIS/TSM in main thread!!!
2019-02-26 14:03:45.448 chromedriver[1291:357105] pid(1291)/euid(501) is calling TIS/TSM in non-main thread environment, ERROR : This is NOT allowed. Please call TIS/TSM in main thread!!!
2019-02-26 14:03:45.448 chromedriver[1291:357105] pid(1291)/euid(501) is calling TIS/TSM in non-main thread environment, ERROR : This is NOT allowed. Please call TIS/TSM in main thread!!!
2019-02-26 14:03:45.448 chromedriver[1291:357105] pid(1291)/euid(501) is calling TIS/TSM in non-main thread environment, ERROR : This is NOT allowed. Please call TIS/TSM in main thread!!!
2019-02-26 14:03:45.448 chromedriver[1291:357105] pid(1291)/euid(501) is calling TIS/TSM in non-main thread environment, ERROR : This is NOT allowed. Please call TIS/TSM in main thread!!!
2019-02-26 14:03:45.448 chromedriver[1291:357105] pid(1291)/euid(501) is calling TIS/TSM in non-main thread environment, ERROR : This is NOT allowed. Please call TIS/TSM in main thread!!!
2019-02-26 14:03:45.448 chromedriver[1291:357105] pid(1291)/euid(501) is calling TIS/TSM in non-main thread environment, ERROR : This is NOT allowed. Please call TIS/TSM in main thread!!!
2019-02-26 14:03:45.448 chromedriver[1291:357105] pid(1291)/euid(501) is calling TIS/TSM in non-main thread environment, ERROR : This is NOT allowed. Please call TIS/TSM in main thread!!!
2019-02-26 14:03:45.448 chromedriver[1291:357105] pid(1291)/euid(501) is calling TIS/TSM in non-main thread environment, ERROR : This is NOT allowed. Please call TIS/TSM in main thread!!!
2019-02-26 14:03:45.448 chromedriver[1291:357105] pid(1291)/euid(501) is calling TIS/TSM in non-main thread environment, ERROR : This is NOT allowed. Please call TIS/TSM in main thread!!!
2019-02-26 14:03:45.448 chromedriver[1291:357105] pid(1291)/euid(501) is calling TIS/TSM in non-main thread environment, ERROR : This is NOT allowed. Please call TIS/TSM in main thread!!!
2019-02-26 14:03:45.448 chromedriver[1291:357105] pid(1291)/euid(501) is calling TIS/TSM in non-main thread environment, ERROR : This is NOT allowed. Please call TIS/TSM in main thread!!!
2019-02-26 14:03:45.448 chromedriver[1291:357105] pid(1291)/euid(501) is calling TIS/TSM in non-main thread environment, ERROR : This is NOT allowed. Please call TIS/TSM in main thread!!!
2019-02-26 14:03:45.448 chromedriver[1291:357105] pid(1291)/euid(501) is calling TIS/TSM in non-main thread environment, ERROR : This is NOT allowed. Please call TIS/TSM in main thread!!!
2019-02-26 14:03:45.448 chromedriver[1291:357105] pid(1291)/euid(501) is calling TIS/TSM in non-main thread environment, ERROR : This is NOT allowed. Please call TIS/TSM in main thread!!!
2019-02-26 14:03:45.448 chromedriver[1291:357105] pid(1291)/euid(501) is calling TIS/TSM in non-main thread environment, ERROR : This is NOT allowed. Please call TIS/TSM in main thread!!!
2019-02-26 14:03:45.448 chromedriver[1291:357105] pid(1291)/euid(501) is calling TIS/TSM in non-main thread environment, ERROR : This is NOT allowed. Please call TIS/TSM in main thread!!!
2019-02-26 14:03:45.448 chromedriver[1291:357105] pid(1291)/euid(501) is calling TIS/TSM in non-main thread environment, ERROR : This is NOT allowed. Please call TIS/TSM in main thread!!!
2019-02-26 14:03:45.449 chromedriver[1291:357105] pid(1291)/euid(501) is calling TIS/TSM in non-main thread environment, ERROR : This is NOT allowed. Please call TIS/TSM in main thread!!!
2019-02-26 14:03:45.449 chromedriver[1291:357105] pid(1291)/euid(501) is calling TIS/TSM in non-main thread environment, ERROR : This is NOT allowed. Please call TIS/TSM in main thread!!!
2019-02-26 14:03:45.449 chromedriver[1291:357105] pid(1291)/euid(501) is calling TIS/TSM in non-main thread environment, ERROR : This is NOT allowed. Please call TIS/TSM in main thread!!!
2019-02-26 14:03:45.449 chromedriver[1291:357105] pid(1291)/euid(501) is calling TIS/TSM in non-main thread environment, ERROR : This is NOT allowed. Please call TIS/TSM in main thread!!!
2019-02-26 14:03:45.449 chromedriver[1291:357105] pid(1291)/euid(501) is calling TIS/TSM in non-main thread environment, ERROR : This is NOT allowed. Please call TIS/TSM in main thread!!!
2019-02-26 14:03:45.449 chromedriver[1291:357105] pid(1291)/euid(501) is calling TIS/TSM in non-main thread environment, ERROR : This is NOT allowed. Please call TIS/TSM in main thread!!!
2019-02-26 14:03:45.449 chromedriver[1291:357105] pid(1291)/euid(501) is calling TIS/TSM in non-main thread environment, ERROR : This is NOT allowed. Please call TIS/TSM in main thread!!!
2019-02-26 14:03:45.449 chromedriver[1291:357105] pid(1291)/euid(501) is calling TIS/TSM in non-main thread environment, ERROR : This is NOT allowed. Please call TIS/TSM in main thread!!!
2019-02-26 14:03:45.449 chromedriver[1291:357105] pid(1291)/euid(501) is calling TIS/TSM in non-main thread environment, ERROR : This is NOT allowed. Please call TIS/TSM in main thread!!!
2019-02-26 14:03:45.449 chromedriver[1291:357105] pid(1291)/euid(501) is calling TIS/TSM in non-main thread environment, ERROR : This is NOT allowed. Please call TIS/TSM in main thread!!!
2019-02-26 14:03:45.449 chromedriver[1291:357105] pid(1291)/euid(501) is calling TIS/TSM in non-main thread environment, ERROR : This is NOT allowed. Please call TIS/TSM in main thread!!!
2019-02-26 14:03:45.449 chromedriver[1291:357105] pid(1291)/euid(501) is calling TIS/TSM in non-main thread environment, ERROR : This is NOT allowed. Please call TIS/TSM in main thread!!!
2019-02-26 14:03:45.449 chromedriver[1291:357105] pid(1291)/euid(501) is calling TIS/TSM in non-main thread environment, ERROR : This is NOT allowed. Please call TIS/TSM in main thread!!!
2019-02-26 14:03:45.449 chromedriver[1291:357105] pid(1291)/euid(501) is calling TIS/TSM in non-main thread environment, ERROR : This is NOT allowed. Please call TIS/TSM in main thread!!!
2019-02-26 14:03:45.449 chromedriver[1291:357105] pid(1291)/euid(501) is calling TIS/TSM in non-main thread environment, ERROR : This is NOT allowed. Please call TIS/TSM in main thread!!!
2019-02-26 14:03:45.449 chromedriver[1291:357105] pid(1291)/euid(501) is calling TIS/TSM in non-main thread environment, ERROR : This is NOT allowed. Please call TIS/TSM in main thread!!!
2019-02-26 14:03:45.449 chromedriver[1291:357105] pid(1291)/euid(501) is calling TIS/TSM in non-main thread environment, ERROR : This is NOT allowed. Please call TIS/TSM in main thread!!!
2019-02-26 14:03:45.449 chromedriver[1291:357105] pid(1291)/euid(501) is calling TIS/TSM in non-main thread environment, ERROR : This is NOT allowed. Please call TIS/TSM in main thread!!!
2019-02-26 14:03:45.449 chromedriver[1291:357105] pid(1291)/euid(501) is calling TIS/TSM in non-main thread environment, ERROR : This is NOT allowed. Please call TIS/TSM in main thread!!!
2019-02-26 14:03:45.449 chromedriver[1291:357105] pid(1291)/euid(501) is calling TIS/TSM in non-main thread environment, ERROR : This is NOT allowed. Please call TIS/TSM in main thread!!!
2019-02-26 14:03:45.449 chromedriver[1291:357105] pid(1291)/euid(501) is calling TIS/TSM in non-main thread environment, ERROR : This is NOT allowed. Please call TIS/TSM in main thread!!!
2019-02-26 14:03:45.449 chromedriver[1291:357105] pid(1291)/euid(501) is calling TIS/TSM in non-main thread environment, ERROR : This is NOT allowed. Please call TIS/TSM in main thread!!!
2019-02-26 14:03:45.449 chromedriver[1291:357105] pid(1291)/euid(501) is calling TIS/TSM in non-main thread environment, ERROR : This is NOT allowed. Please call TIS/TSM in main thread!!!
2019-02-26 14:03:45.449 chromedriver[1291:357105] pid(1291)/euid(501) is calling TIS/TSM in non-main thread environment, ERROR : This is NOT allowed. Please call TIS/TSM in main thread!!!
2019-02-26 14:03:45.449 chromedriver[1291:357105] pid(1291)/euid(501) is calling TIS/TSM in non-main thread environment, ERROR : This is NOT allowed. Please call TIS/TSM in main thread!!!
2019-02-26 14:03:45.449 chromedriver[1291:357105] pid(1291)/euid(501) is calling TIS/TSM in non-main thread environment, ERROR : This is NOT allowed. Please call TIS/TSM in main thread!!!
2019-02-26 14:03:45.449 chromedriver[1291:357105] pid(1291)/euid(501) is calling TIS/TSM in non-main thread environment, ERROR : This is NOT allowed. Please call TIS/TSM in main thread!!!
2019-02-26 14:03:45.449 chromedriver[1291:357105] pid(1291)/euid(501) is calling TIS/TSM in non-main thread environment, ERROR : This is NOT allowed. Please call TIS/TSM in main thread!!!
2019-02-26 14:03:45.449 chromedriver[1291:357105] pid(1291)/euid(501) is calling TIS/TSM in non-main thread environment, ERROR : This is NOT allowed. Please call TIS/TSM in main thread!!!
2019-02-26 14:03:45.450 chromedriver[1291:357105] pid(1291)/euid(501) is calling TIS/TSM in non-main thread environment, ERROR : This is NOT allowed. Please call TIS/TSM in main thread!!!
2019-02-26 14:03:45.450 chromedriver[1291:357105] pid(1291)/euid(501) is calling TIS/TSM in non-main thread environment, ERROR : This is NOT allowed. Please call TIS/TSM in main thread!!!
2019-02-26 14:03:45.450 chromedriver[1291:357105] pid(1291)/euid(501) is calling TIS/TSM in non-main thread environment, ERROR : This is NOT allowed. Please call TIS/TSM in main thread!!!
2019-02-26 14:03:45.450 chromedriver[1291:357105] pid(1291)/euid(501) is calling TIS/TSM in non-main thread environment, ERROR : This is NOT allowed. Please call TIS/TSM in main thread!!!
2019-02-26 14:03:45.450 chromedriver[1291:357105] pid(1291)/euid(501) is calling TIS/TSM in non-main thread environment, ERROR : This is NOT allowed. Please call TIS/TSM in main thread!!!
2019-02-26 14:03:45.450 chromedriver[1291:357105] pid(1291)/euid(501) is calling TIS/TSM in non-main thread environment, ERROR : This is NOT allowed. Please call TIS/TSM in main thread!!!
2019-02-26 14:03:45.450 chromedriver[1291:357105] pid(1291)/euid(501) is calling TIS/TSM in non-main thread environment, ERROR : This is NOT allowed. Please call TIS/TSM in main thread!!!
2019-02-26 14:03:45.450 chromedriver[1291:357105] pid(1291)/euid(501) is calling TIS/TSM in non-main thread environment, ERROR : This is NOT allowed. Please call TIS/TSM in main thread!!!
2019-02-26 14:03:45.450 chromedriver[1291:357105] pid(1291)/euid(501) is calling TIS/TSM in non-main thread environment, ERROR : This is NOT allowed. Please call TIS/TSM in main thread!!!
2019-02-26 14:03:45.450 chromedriver[1291:357105] pid(1291)/euid(501) is calling TIS/TSM in non-main thread environment, ERROR : This is NOT allowed. Please call TIS/TSM in main thread!!!
2019-02-26 14:03:45.450 chromedriver[1291:357105] pid(1291)/euid(501) is calling TIS/TSM in non-main thread environment, ERROR : This is NOT allowed. Please call TIS/TSM in main thread!!!
2019-02-26 14:03:45.450 chromedriver[1291:357105] pid(1291)/euid(501) is calling TIS/TSM in non-main thread environment, ERROR : This is NOT allowed. Please call TIS/TSM in main thread!!!
2019-02-26 14:03:45.450 chromedriver[1291:357105] pid(1291)/euid(501) is calling TIS/TSM in non-main thread environment, ERROR : This is NOT allowed. Please call TIS/TSM in main thread!!!
2019-02-26 14:03:45.450 chromedriver[1291:357105] pid(1291)/euid(501) is calling TIS/TSM in non-main thread environment, ERROR : This is NOT allowed. Please call TIS/TSM in main thread!!!
2019-02-26 14:03:45.450 chromedriver[1291:357105] pid(1291)/euid(501) is calling TIS/TSM in non-main thread environment, ERROR : This is NOT allowed. Please call TIS/TSM in main thread!!!
2019-02-26 14:03:45.450 chromedriver[1291:357105] pid(1291)/euid(501) is calling TIS/TSM in non-main thread environment, ERROR : This is NOT allowed. Please call TIS/TSM in main thread!!!
2019-02-26 14:03:45.450 chromedriver[1291:357105] pid(1291)/euid(501) is calling TIS/TSM in non-main thread environment, ERROR : This is NOT allowed. Please call TIS/TSM in main thread!!!
2019-02-26 14:03:45.450 chromedriver[1291:357105] pid(1291)/euid(501) is calling TIS/TSM in non-main thread environment, ERROR : This is NOT allowed. Please call TIS/TSM in main thread!!!
2019-02-26 14:03:45.450 chromedriver[1291:357105] pid(1291)/euid(501) is calling TIS/TSM in non-main thread environment, ERROR : This is NOT allowed. Please call TIS/TSM in main thread!!!
2019-02-26 14:03:45.450 chromedriver[1291:357105] pid(1291)/euid(501) is calling TIS/TSM in non-main thread environment, ERROR : This is NOT allowed. Please call TIS/TSM in main thread!!!
2019-02-26 14:03:45.450 chromedriver[1291:357105] pid(1291)/euid(501) is calling TIS/TSM in non-main thread environment, ERROR : This is NOT allowed. Please call TIS/TSM in main thread!!!
2019-02-26 14:03:45.450 chromedriver[1291:357105] pid(1291)/euid(501) is calling TIS/TSM in non-main thread environment, ERROR : This is NOT allowed. Please call TIS/TSM in main thread!!!
2019-02-26 14:03:45.450 chromedriver[1291:357105] pid(1291)/euid(501) is calling TIS/TSM in non-main thread environment, ERROR : This is NOT allowed. Please call TIS/TSM in main thread!!!
2019-02-26 14:03:45.450 chromedriver[1291:357105] pid(1291)/euid(501) is calling TIS/TSM in non-main thread environment, ERROR : This is NOT allowed. Please call TIS/TSM in main thread!!!
2019-02-26 14:03:45.450 chromedriver[1291:357105] pid(1291)/euid(501) is calling TIS/TSM in non-main thread environment, ERROR : This is NOT allowed. Please call TIS/TSM in main thread!!!
2019-02-26 14:03:45.450 chromedriver[1291:357105] pid(1291)/euid(501) is calling TIS/TSM in non-main thread environment, ERROR : This is NOT allowed. Please call TIS/TSM in main thread!!!
2019-02-26 14:03:45.450 chromedriver[1291:357105] pid(1291)/euid(501) is calling TIS/TSM in non-main thread environment, ERROR : This is NOT allowed. Please call TIS/TSM in main thread!!!
2019-02-26 14:03:45.450 chromedriver[1291:357105] pid(1291)/euid(501) is calling TIS/TSM in non-main thread environment, ERROR : This is NOT allowed. Please call TIS/TSM in main thread!!!
2019-02-26 14:03:45.450 chromedriver[1291:357105] pid(1291)/euid(501) is calling TIS/TSM in non-main thread environment, ERROR : This is NOT allowed. Please call TIS/TSM in main thread!!!
2019-02-26 14:03:45.450 chromedriver[1291:357105] pid(1291)/euid(501) is calling TIS/TSM in non-main thread environment, ERROR : This is NOT allowed. Please call TIS/TSM in main thread!!!
2019-02-26 14:03:45.450 chromedriver[1291:357105] pid(1291)/euid(501) is calling TIS/TSM in non-main thread environment, ERROR : This is NOT allowed. Please call TIS/TSM in main thread!!!
2019-02-26 14:03:45.451 chromedriver[1291:357105] pid(1291)/euid(501) is calling TIS/TSM in non-main thread environment, ERROR : This is NOT allowed. Please call TIS/TSM in main thread!!!
2019-02-26 14:03:45.451 chromedriver[1291:357105] pid(1291)/euid(501) is calling TIS/TSM in non-main thread environment, ERROR : This is NOT allowed. Please call TIS/TSM in main thread!!!
2019-02-26 14:03:45.451 chromedriver[1291:357105] pid(1291)/euid(501) is calling TIS/TSM in non-main thread environment, ERROR : This is NOT allowed. Please call TIS/TSM in main thread!!!
2019-02-26 14:03:45.451 chromedriver[1291:357105] pid(1291)/euid(501) is calling TIS/TSM in non-main thread environment, ERROR : This is NOT allowed. Please call TIS/TSM in main thread!!!
2019-02-26 14:03:45.451 chromedriver[1291:357105] pid(1291)/euid(501) is calling TIS/TSM in non-main thread environment, ERROR : This is NOT allowed. Please call TIS/TSM in main thread!!!
2019-02-26 14:03:45.451 chromedriver[1291:357105] pid(1291)/euid(501) is calling TIS/TSM in non-main thread environment, ERROR : This is NOT allowed. Please call TIS/TSM in main thread!!!
2019-02-26 14:03:45.451 chromedriver[1291:357105] pid(1291)/euid(501) is calling TIS/TSM in non-main thread environment, ERROR : This is NOT allowed. Please call TIS/TSM in main thread!!!
2019-02-26 14:03:45.451 chromedriver[1291:357105] pid(1291)/euid(501) is calling TIS/TSM in non-main thread environment, ERROR : This is NOT allowed. Please call TIS/TSM in main thread!!!
2019-02-26 14:03:45.451 chromedriver[1291:357105] pid(1291)/euid(501) is calling TIS/TSM in non-main thread environment, ERROR : This is NOT allowed. Please call TIS/TSM in main thread!!!
2019-02-26 14:03:45.451 chromedriver[1291:357105] pid(1291)/euid(501) is calling TIS/TSM in non-main thread environment, ERROR : This is NOT allowed. Please call TIS/TSM in main thread!!!
2019-02-26 14:03:45.451 chromedriver[1291:357105] pid(1291)/euid(501) is calling TIS/TSM in non-main thread environment, ERROR : This is NOT allowed. Please call TIS/TSM in main thread!!!
2019-02-26 14:03:45.451 chromedriver[1291:357105] pid(1291)/euid(501) is calling TIS/TSM in non-main thread environment, ERROR : This is NOT allowed. Please call TIS/TSM in main thread!!!
2019-02-26 14:03:45.451 chromedriver[1291:357105] pid(1291)/euid(501) is calling TIS/TSM in non-main thread environment, ERROR : This is NOT allowed. Please call TIS/TSM in main thread!!!
2019-02-26 14:03:45.451 chromedriver[1291:357105] pid(1291)/euid(501) is calling TIS/TSM in non-main thread environment, ERROR : This is NOT allowed. Please call TIS/TSM in main thread!!!
2019-02-26 14:03:45.451 chromedriver[1291:357105] pid(1291)/euid(501) is calling TIS/TSM in non-main thread environment, ERROR : This is NOT allowed. Please call TIS/TSM in main thread!!!
2019-02-26 14:03:45.451 chromedriver[1291:357105] pid(1291)/euid(501) is calling TIS/TSM in non-main thread environment, ERROR : This is NOT allowed. Please call TIS/TSM in main thread!!!
2019-02-26 14:03:45.451 chromedriver[1291:357105] pid(1291)/euid(501) is calling TIS/TSM in non-main thread environment, ERROR : This is NOT allowed. Please call TIS/TSM in main thread!!!
2019-02-26 14:03:45.451 chromedriver[1291:357105] pid(1291)/euid(501) is calling TIS/TSM in non-main thread environment, ERROR : This is NOT allowed. Please call TIS/TSM in main thread!!!
2019-02-26 14:03:45.451 chromedriver[1291:357105] pid(1291)/euid(501) is calling TIS/TSM in non-main thread environment, ERROR : This is NOT allowed. Please call TIS/TSM in main thread!!!
2019-02-26 14:03:45.451 chromedriver[1291:357105] pid(1291)/euid(501) is calling TIS/TSM in non-main thread environment, ERROR : This is NOT allowed. Please call TIS/TSM in main thread!!!
2019-02-26 14:03:45.451 chromedriver[1291:357105] pid(1291)/euid(501) is calling TIS/TSM in non-main thread environment, ERROR : This is NOT allowed. Please call TIS/TSM in main thread!!!
2019-02-26 14:03:45.451 chromedriver[1291:357105] pid(1291)/euid(501) is calling TIS/TSM in non-main thread environment, ERROR : This is NOT allowed. Please call TIS/TSM in main thread!!!
2019-02-26 14:03:45.451 chromedriver[1291:357105] pid(1291)/euid(501) is calling TIS/TSM in non-main thread environment, ERROR : This is NOT allowed. Please call TIS/TSM in main thread!!!
2019-02-26 14:03:45.451 chromedriver[1291:357105] pid(1291)/euid(501) is calling TIS/TSM in non-main thread environment, ERROR : This is NOT allowed. Please call TIS/TSM in main thread!!!
2019-02-26 14:03:45.451 chromedriver[1291:357105] pid(1291)/euid(501) is calling TIS/TSM in non-main thread environment, ERROR : This is NOT allowed. Please call TIS/TSM in main thread!!!
2019-02-26 14:03:45.451 chromedriver[1291:357105] pid(1291)/euid(501) is calling TIS/TSM in non-main thread environment, ERROR : This is NOT allowed. Please call TIS/TSM in main thread!!!
2019-02-26 14:03:45.451 chromedriver[1291:357105] pid(1291)/euid(501) is calling TIS/TSM in non-main thread environment, ERROR : This is NOT allowed. Please call TIS/TSM in main thread!!!
2019-02-26 14:03:45.451 chromedriver[1291:357105] pid(1291)/euid(501) is calling TIS/TSM in non-main thread environment, ERROR : This is NOT allowed. Please call TIS/TSM in main thread!!!
2019-02-26 14:03:45.452 chromedriver[1291:357105] pid(1291)/euid(501) is calling TIS/TSM in non-main thread environment, ERROR : This is NOT allowed. Please call TIS/TSM in main thread!!!
2019-02-26 14:03:45.452 chromedriver[1291:357105] pid(1291)/euid(501) is calling TIS/TSM in non-main thread environment, ERROR : This is NOT allowed. Please call TIS/TSM in main thread!!!
2019-02-26 14:03:45.452 chromedriver[1291:357105] pid(1291)/euid(501) is calling TIS/TSM in non-main thread environment, ERROR : This is NOT allowed. Please call TIS/TSM in main thread!!!
2019-02-26 14:03:45.452 chromedriver[1291:357105] pid(1291)/euid(501) is calling TIS/TSM in non-main thread environment, ERROR : This is NOT allowed. Please call TIS/TSM in main thread!!!
2019-02-26 14:03:45.452 chromedriver[1291:357105] pid(1291)/euid(501) is calling TIS/TSM in non-main thread environment, ERROR : This is NOT allowed. Please call TIS/TSM in main thread!!!
2019-02-26 14:03:45.452 chromedriver[1291:357105] pid(1291)/euid(501) is calling TIS/TSM in non-main thread environment, ERROR : This is NOT allowed. Please call TIS/TSM in main thread!!!
2019-02-26 14:03:45.452 chromedriver[1291:357105] pid(1291)/euid(501) is calling TIS/TSM in non-main thread environment, ERROR : This is NOT allowed. Please call TIS/TSM in main thread!!!
2019-02-26 14:03:45.452 chromedriver[1291:357105] pid(1291)/euid(501) is calling TIS/TSM in non-main thread environment, ERROR : This is NOT allowed. Please call TIS/TSM in main thread!!!
2019-02-26 14:03:45.452 chromedriver[1291:357105] pid(1291)/euid(501) is calling TIS/TSM in non-main thread environment, ERROR : This is NOT allowed. Please call TIS/TSM in main thread!!!
2019-02-26 14:03:45.452 chromedriver[1291:357105] pid(1291)/euid(501) is calling TIS/TSM in non-main thread environment, ERROR : This is NOT allowed. Please call TIS/TSM in main thread!!!
2019-02-26 14:03:45.452 chromedriver[1291:357105] pid(1291)/euid(501) is calling TIS/TSM in non-main thread environment, ERROR : This is NOT allowed. Please call TIS/TSM in main thread!!!
2019-02-26 14:03:45.452 chromedriver[1291:357105] pid(1291)/euid(501) is calling TIS/TSM in non-main thread environment, ERROR : This is NOT allowed. Please call TIS/TSM in main thread!!!
2019-02-26 14:03:45.452 chromedriver[1291:357105] pid(1291)/euid(501) is calling TIS/TSM in non-main thread environment, ERROR : This is NOT allowed. Please call TIS/TSM in main thread!!!
2019-02-26 14:03:45.452 chromedriver[1291:357105] pid(1291)/euid(501) is calling TIS/TSM in non-main thread environment, ERROR : This is NOT allowed. Please call TIS/TSM in main thread!!!
2019-02-26 14:03:45.452 chromedriver[1291:357105] pid(1291)/euid(501) is calling TIS/TSM in non-main thread environment, ERROR : This is NOT allowed. Please call TIS/TSM in main thread!!!
2019-02-26 14:03:45.452 chromedriver[1291:357105] pid(1291)/euid(501) is calling TIS/TSM in non-main thread environment, ERROR : This is NOT allowed. Please call TIS/TSM in main thread!!!
2019-02-26 14:03:45.452 chromedriver[1291:357105] pid(1291)/euid(501) is calling TIS/TSM in non-main thread environment, ERROR : This is NOT allowed. Please call TIS/TSM in main thread!!!
2019-02-26 14:03:45.452 chromedriver[1291:357105] pid(1291)/euid(501) is calling TIS/TSM in non-main thread environment, ERROR : This is NOT allowed. Please call TIS/TSM in main thread!!!
2019-02-26 14:03:45.452 chromedriver[1291:357105] pid(1291)/euid(501) is calling TIS/TSM in non-main thread environment, ERROR : This is NOT allowed. Please call TIS/TSM in main thread!!!
2019-02-26 14:03:45.452 chromedriver[1291:357105] pid(1291)/euid(501) is calling TIS/TSM in non-main thread environment, ERROR : This is NOT allowed. Please call TIS/TSM in main thread!!!
2019-02-26 14:03:45.452 chromedriver[1291:357105] pid(1291)/euid(501) is calling TIS/TSM in non-main thread environment, ERROR : This is NOT allowed. Please call TIS/TSM in main thread!!!
2019-02-26 14:03:45.452 chromedriver[1291:357105] pid(1291)/euid(501) is calling TIS/TSM in non-main thread environment, ERROR : This is NOT allowed. Please call TIS/TSM in main thread!!!
2019-02-26 14:03:45.452 chromedriver[1291:357105] pid(1291)/euid(501) is calling TIS/TSM in non-main thread environment, ERROR : This is NOT allowed. Please call TIS/TSM in main thread!!!
2019-02-26 14:03:45.452 chromedriver[1291:357105] pid(1291)/euid(501) is calling TIS/TSM in non-main thread environment, ERROR : This is NOT allowed. Please call TIS/TSM in main thread!!!
2019-02-26 14:03:45.452 chromedriver[1291:357105] pid(1291)/euid(501) is calling TIS/TSM in non-main thread environment, ERROR : This is NOT allowed. Please call TIS/TSM in main thread!!!
2019-02-26 14:03:45.452 chromedriver[1291:357105] pid(1291)/euid(501) is calling TIS/TSM in non-main thread environment, ERROR : This is NOT allowed. Please call TIS/TSM in main thread!!!
2019-02-26 14:03:45.452 chromedriver[1291:357105] pid(1291)/euid(501) is calling TIS/TSM in non-main thread environment, ERROR : This is NOT allowed. Please call TIS/TSM in main thread!!!
2019-02-26 14:03:45.452 chromedriver[1291:357105] pid(1291)/euid(501) is calling TIS/TSM in non-main thread environment, ERROR : This is NOT allowed. Please call TIS/TSM in main thread!!!
2019-02-26 14:03:45.452 chromedriver[1291:357105] pid(1291)/euid(501) is calling TIS/TSM in non-main thread environment, ERROR : This is NOT allowed. Please call TIS/TSM in main thread!!!
2019-02-26 14:03:45.452 chromedriver[1291:357105] pid(1291)/euid(501) is calling TIS/TSM in non-main thread environment, ERROR : This is NOT allowed. Please call TIS/TSM in main thread!!!
2019-02-26 14:03:45.452 chromedriver[1291:357105] pid(1291)/euid(501) is calling TIS/TSM in non-main thread environment, ERROR : This is NOT allowed. Please call TIS/TSM in main thread!!!
2019-02-26 14:03:45.452 chromedriver[1291:357105] pid(1291)/euid(501) is calling TIS/TSM in non-main thread environment, ERROR : This is NOT allowed. Please call TIS/TSM in main thread!!!
2019-02-26 14:03:45.453 chromedriver[1291:357105] pid(1291)/euid(501) is calling TIS/TSM in non-main thread environment, ERROR : This is NOT allowed. Please call TIS/TSM in main thread!!!
2019-02-26 14:03:45.453 chromedriver[1291:357105] pid(1291)/euid(501) is calling TIS/TSM in non-main thread environment, ERROR : This is NOT allowed. Please call TIS/TSM in main thread!!!
2019-02-26 14:03:45.453 chromedriver[1291:357105] pid(1291)/euid(501) is calling TIS/TSM in non-main thread environment, ERROR : This is NOT allowed. Please call TIS/TSM in main thread!!!
2019-02-26 14:03:45.453 chromedriver[1291:357105] pid(1291)/euid(501) is calling TIS/TSM in non-main thread environment, ERROR : This is NOT allowed. Please call TIS/TSM in main thread!!!
2019-02-26 14:03:45.453 chromedriver[1291:357105] pid(1291)/euid(501) is calling TIS/TSM in non-main thread environment, ERROR : This is NOT allowed. Please call TIS/TSM in main thread!!!
2019-02-26 14:03:45.453 chromedriver[1291:357105] pid(1291)/euid(501) is calling TIS/TSM in non-main thread environment, ERROR : This is NOT allowed. Please call TIS/TSM in main thread!!!
2019-02-26 14:03:45.453 chromedriver[1291:357105] pid(1291)/euid(501) is calling TIS/TSM in non-main thread environment, ERROR : This is NOT allowed. Please call TIS/TSM in main thread!!!
2019-02-26 14:03:45.453 chromedriver[1291:357105] pid(1291)/euid(501) is calling TIS/TSM in non-main thread environment, ERROR : This is NOT allowed. Please call TIS/TSM in main thread!!!
2019-02-26 14:03:45.453 chromedriver[1291:357105] pid(1291)/euid(501) is calling TIS/TSM in non-main thread environment, ERROR : This is NOT allowed. Please call TIS/TSM in main thread!!!
2019-02-26 14:03:45.453 chromedriver[1291:357105] pid(1291)/euid(501) is calling TIS/TSM in non-main thread environment, ERROR : This is NOT allowed. Please call TIS/TSM in main thread!!!
2019-02-26 14:03:45.453 chromedriver[1291:357105] pid(1291)/euid(501) is calling TIS/TSM in non-main thread environment, ERROR : This is NOT allowed. Please call TIS/TSM in main thread!!!
2019-02-26 14:03:45.453 chromedriver[1291:357105] pid(1291)/euid(501) is calling TIS/TSM in non-main thread environment, ERROR : This is NOT allowed. Please call TIS/TSM in main thread!!!
2019-02-26 14:03:45.453 chromedriver[1291:357105] pid(1291)/euid(501) is calling TIS/TSM in non-main thread environment, ERROR : This is NOT allowed. Please call TIS/TSM in main thread!!!
2019-02-26 14:03:45.453 chromedriver[1291:357105] pid(1291)/euid(501) is calling TIS/TSM in non-main thread environment, ERROR : This is NOT allowed. Please call TIS/TSM in main thread!!!
2019-02-26 14:03:45.453 chromedriver[1291:357105] pid(1291)/euid(501) is calling TIS/TSM in non-main thread environment, ERROR : This is NOT allowed. Please call TIS/TSM in main thread!!!
2019-02-26 14:03:45.453 chromedriver[1291:357105] pid(1291)/euid(501) is calling TIS/TSM in non-main thread environment, ERROR : This is NOT allowed. Please call TIS/TSM in main thread!!!
2019-02-26 14:03:45.453 chromedriver[1291:357105] pid(1291)/euid(501) is calling TIS/TSM in non-main thread environment, ERROR : This is NOT allowed. Please call TIS/TSM in main thread!!!
2019-02-26 14:03:45.453 chromedriver[1291:357105] pid(1291)/euid(501) is calling TIS/TSM in non-main thread environment, ERROR : This is NOT allowed. Please call TIS/TSM in main thread!!!
2019-02-26 14:03:45.453 chromedriver[1291:357105] pid(1291)/euid(501) is calling TIS/TSM in non-main thread environment, ERROR : This is NOT allowed. Please call TIS/TSM in main thread!!!
2019-02-26 14:03:45.453 chromedriver[1291:357105] pid(1291)/euid(501) is calling TIS/TSM in non-main thread environment, ERROR : This is NOT allowed. Please call TIS/TSM in main thread!!!
2019-02-26 14:03:45.453 chromedriver[1291:357105] pid(1291)/euid(501) is calling TIS/TSM in non-main thread environment, ERROR : This is NOT allowed. Please call TIS/TSM in main thread!!!
2019-02-26 14:03:45.453 chromedriver[1291:357105] pid(1291)/euid(501) is calling TIS/TSM in non-main thread environment, ERROR : This is NOT allowed. Please call TIS/TSM in main thread!!!
2019-02-26 14:03:45.453 chromedriver[1291:357105] pid(1291)/euid(501) is calling TIS/TSM in non-main thread environment, ERROR : This is NOT allowed. Please call TIS/TSM in main thread!!!
2019-02-26 14:03:45.453 chromedriver[1291:357105] pid(1291)/euid(501) is calling TIS/TSM in non-main thread environment, ERROR : This is NOT allowed. Please call TIS/TSM in main thread!!!
2019-02-26 14:03:45.453 chromedriver[1291:357105] pid(1291)/euid(501) is calling TIS/TSM in non-main thread environment, ERROR : This is NOT allowed. Please call TIS/TSM in main thread!!!
2019-02-26 14:03:45.453 chromedriver[1291:357105] pid(1291)/euid(501) is calling TIS/TSM in non-main thread environment, ERROR : This is NOT allowed. Please call TIS/TSM in main thread!!!
2019-02-26 14:03:45.453 chromedriver[1291:357105] pid(1291)/euid(501) is calling TIS/TSM in non-main thread environment, ERROR : This is NOT allowed. Please call TIS/TSM in main thread!!!
2019-02-26 14:03:45.453 chromedriver[1291:357105] pid(1291)/euid(501) is calling TIS/TSM in non-main thread environment, ERROR : This is NOT allowed. Please call TIS/TSM in main thread!!!
2019-02-26 14:03:45.453 chromedriver[1291:357105] pid(1291)/euid(501) is calling TIS/TSM in non-main thread environment, ERROR : This is NOT allowed. Please call TIS/TSM in main thread!!!
2019-02-26 14:03:45.453 chromedriver[1291:357105] pid(1291)/euid(501) is calling TIS/TSM in non-main thread environment, ERROR : This is NOT allowed. Please call TIS/TSM in main thread!!!
2019-02-26 14:03:45.453 chromedriver[1291:357105] pid(1291)/euid(501) is calling TIS/TSM in non-main thread environment, ERROR : This is NOT allowed. Please call TIS/TSM in main thread!!!
2019-02-26 14:03:45.453 chromedriver[1291:357105] pid(1291)/euid(501) is calling TIS/TSM in non-main thread environment, ERROR : This is NOT allowed. Please call TIS/TSM in main thread!!!
2019-02-26 14:03:45.453 chromedriver[1291:357105] pid(1291)/euid(501) is calling TIS/TSM in non-main thread environment, ERROR : This is NOT allowed. Please call TIS/TSM in main thread!!!
2019-02-26 14:03:45.453 chromedriver[1291:357105] pid(1291)/euid(501) is calling TIS/TSM in non-main thread environment, ERROR : This is NOT allowed. Please call TIS/TSM in main thread!!!
2019-02-26 14:03:45.454 chromedriver[1291:357105] pid(1291)/euid(501) is calling TIS/TSM in non-main thread environment, ERROR : This is NOT allowed. Please call TIS/TSM in main thread!!!
2019-02-26 14:03:45.454 chromedriver[1291:357105] pid(1291)/euid(501) is calling TIS/TSM in non-main thread environment, ERROR : This is NOT allowed. Please call TIS/TSM in main thread!!!
2019-02-26 14:03:45.454 chromedriver[1291:357105] pid(1291)/euid(501) is calling TIS/TSM in non-main thread environment, ERROR : This is NOT allowed. Please call TIS/TSM in main thread!!!
2019-02-26 14:03:45.454 chromedriver[1291:357105] pid(1291)/euid(501) is calling TIS/TSM in non-main thread environment, ERROR : This is NOT allowed. Please call TIS/TSM in main thread!!!
2019-02-26 14:03:45.454 chromedriver[1291:357105] pid(1291)/euid(501) is calling TIS/TSM in non-main thread environment, ERROR : This is NOT allowed. Please call TIS/TSM in main thread!!!
2019-02-26 14:03:45.454 chromedriver[1291:357105] pid(1291)/euid(501) is calling TIS/TSM in non-main thread environment, ERROR : This is NOT allowed. Please call TIS/TSM in main thread!!!
2019-02-26 14:03:45.454 chromedriver[1291:357105] pid(1291)/euid(501) is calling TIS/TSM in non-main thread environment, ERROR : This is NOT allowed. Please call TIS/TSM in main thread!!!
2019-02-26 14:03:45.454 chromedriver[1291:357105] pid(1291)/euid(501) is calling TIS/TSM in non-main thread environment, ERROR : This is NOT allowed. Please call TIS/TSM in main thread!!!
2019-02-26 14:03:45.454 chromedriver[1291:357105] pid(1291)/euid(501) is calling TIS/TSM in non-main thread environment, ERROR : This is NOT allowed. Please call TIS/TSM in main thread!!!
2019-02-26 14:03:45.454 chromedriver[1291:357105] pid(1291)/euid(501) is calling TIS/TSM in non-main thread environment, ERROR : This is NOT allowed. Please call TIS/TSM in main thread!!!
2019-02-26 14:03:45.454 chromedriver[1291:357105] pid(1291)/euid(501) is calling TIS/TSM in non-main thread environment, ERROR : This is NOT allowed. Please call TIS/TSM in main thread!!!
2019-02-26 14:03:45.454 chromedriver[1291:357105] pid(1291)/euid(501) is calling TIS/TSM in non-main thread environment, ERROR : This is NOT allowed. Please call TIS/TSM in main thread!!!
2019-02-26 14:03:45.454 chromedriver[1291:357105] pid(1291)/euid(501) is calling TIS/TSM in non-main thread environment, ERROR : This is NOT allowed. Please call TIS/TSM in main thread!!!
2019-02-26 14:03:45.454 chromedriver[1291:357105] pid(1291)/euid(501) is calling TIS/TSM in non-main thread environment, ERROR : This is NOT allowed. Please call TIS/TSM in main thread!!!
2019-02-26 14:03:45.454 chromedriver[1291:357105] pid(1291)/euid(501) is calling TIS/TSM in non-main thread environment, ERROR : This is NOT allowed. Please call TIS/TSM in main thread!!!
2019-02-26 14:03:45.454 chromedriver[1291:357105] pid(1291)/euid(501) is calling TIS/TSM in non-main thread environment, ERROR : This is NOT allowed. Please call TIS/TSM in main thread!!!
2019-02-26 14:03:45.454 chromedriver[1291:357105] pid(1291)/euid(501) is calling TIS/TSM in non-main thread environment, ERROR : This is NOT allowed. Please call TIS/TSM in main thread!!!
2019-02-26 14:03:45.454 chromedriver[1291:357105] pid(1291)/euid(501) is calling TIS/TSM in non-main thread environment, ERROR : This is NOT allowed. Please call TIS/TSM in main thread!!!
2019-02-26 14:03:45.454 chromedriver[1291:357105] pid(1291)/euid(501) is calling TIS/TSM in non-main thread environment, ERROR : This is NOT allowed. Please call TIS/TSM in main thread!!!
2019-02-26 14:03:45.454 chromedriver[1291:357105] pid(1291)/euid(501) is calling TIS/TSM in non-main thread environment, ERROR : This is NOT allowed. Please call TIS/TSM in main thread!!!
2019-02-26 14:03:45.454 chromedriver[1291:357105] pid(1291)/euid(501) is calling TIS/TSM in non-main thread environment, ERROR : This is NOT allowed. Please call TIS/TSM in main thread!!!
2019-02-26 14:03:45.454 chromedriver[1291:357105] pid(1291)/euid(501) is calling TIS/TSM in non-main thread environment, ERROR : This is NOT allowed. Please call TIS/TSM in main thread!!!
2019-02-26 14:03:45.454 chromedriver[1291:357105] pid(1291)/euid(501) is calling TIS/TSM in non-main thread environment, ERROR : This is NOT allowed. Please call TIS/TSM in main thread!!!
2019-02-26 14:03:45.454 chromedriver[1291:357105] pid(1291)/euid(501) is calling TIS/TSM in non-main thread environment, ERROR : This is NOT allowed. Please call TIS/TSM in main thread!!!
2019-02-26 14:03:45.454 chromedriver[1291:357105] pid(1291)/euid(501) is calling TIS/TSM in non-main thread environment, ERROR : This is NOT allowed. Please call TIS/TSM in main thread!!!
2019-02-26 14:03:45.454 chromedriver[1291:357105] pid(1291)/euid(501) is calling TIS/TSM in non-main thread environment, ERROR : This is NOT allowed. Please call TIS/TSM in main thread!!!
2019-02-26 14:03:45.454 chromedriver[1291:357105] pid(1291)/euid(501) is calling TIS/TSM in non-main thread environment, ERROR : This is NOT allowed. Please call TIS/TSM in main thread!!!
2019-02-26 14:03:45.454 chromedriver[1291:357105] pid(1291)/euid(501) is calling TIS/TSM in non-main thread environment, ERROR : This is NOT allowed. Please call TIS/TSM in main thread!!!
2019-02-26 14:03:45.454 chromedriver[1291:357105] pid(1291)/euid(501) is calling TIS/TSM in non-main thread environment, ERROR : This is NOT allowed. Please call TIS/TSM in main thread!!!
2019-02-26 14:03:45.454 chromedriver[1291:357105] pid(1291)/euid(501) is calling TIS/TSM in non-main thread environment, ERROR : This is NOT allowed. Please call TIS/TSM in main thread!!!
2019-02-26 14:03:45.454 chromedriver[1291:357105] pid(1291)/euid(501) is calling TIS/TSM in non-main thread environment, ERROR : This is NOT allowed. Please call TIS/TSM in main thread!!!
2019-02-26 14:03:45.454 chromedriver[1291:357105] pid(1291)/euid(501) is calling TIS/TSM in non-main thread environment, ERROR : This is NOT allowed. Please call TIS/TSM in main thread!!!
2019-02-26 14:03:45.454 chromedriver[1291:357105] pid(1291)/euid(501) is calling TIS/TSM in non-main thread environment, ERROR : This is NOT allowed. Please call TIS/TSM in main thread!!!
2019-02-26 14:03:45.454 chromedriver[1291:357105] pid(1291)/euid(501) is calling TIS/TSM in non-main thread environment, ERROR : This is NOT allowed. Please call TIS/TSM in main thread!!!
2019-02-26 14:03:45.454 chromedriver[1291:357105] pid(1291)/euid(501) is calling TIS/TSM in non-main thread environment, ERROR : This is NOT allowed. Please call TIS/TSM in main thread!!!
2019-02-26 14:03:45.454 chromedriver[1291:357105] pid(1291)/euid(501) is calling TIS/TSM in non-main thread environment, ERROR : This is NOT allowed. Please call TIS/TSM in main thread!!!
2019-02-26 14:03:45.454 chromedriver[1291:357105] pid(1291)/euid(501) is calling TIS/TSM in non-main thread environment, ERROR : This is NOT allowed. Please call TIS/TSM in main thread!!!
2019-02-26 14:03:45.455 chromedriver[1291:357105] pid(1291)/euid(501) is calling TIS/TSM in non-main thread environment, ERROR : This is NOT allowed. Please call TIS/TSM in main thread!!!
2019-02-26 14:03:45.455 chromedriver[1291:357105] pid(1291)/euid(501) is calling TIS/TSM in non-main thread environment, ERROR : This is NOT allowed. Please call TIS/TSM in main thread!!!
2019-02-26 14:03:45.455 chromedriver[1291:357105] pid(1291)/euid(501) is calling TIS/TSM in non-main thread environment, ERROR : This is NOT allowed. Please call TIS/TSM in main thread!!!
2019-02-26 14:03:45.455 chromedriver[1291:357105] pid(1291)/euid(501) is calling TIS/TSM in non-main thread environment, ERROR : This is NOT allowed. Please call TIS/TSM in main thread!!!
2019-02-26 14:03:45.455 chromedriver[1291:357105] pid(1291)/euid(501) is calling TIS/TSM in non-main thread environment, ERROR : This is NOT allowed. Please call TIS/TSM in main thread!!!
2019-02-26 14:03:45.455 chromedriver[1291:357105] pid(1291)/euid(501) is calling TIS/TSM in non-main thread environment, ERROR : This is NOT allowed. Please call TIS/TSM in main thread!!!
2019-02-26 14:03:45.455 chromedriver[1291:357105] pid(1291)/euid(501) is calling TIS/TSM in non-main thread environment, ERROR : This is NOT allowed. Please call TIS/TSM in main thread!!!
2019-02-26 14:03:45.455 chromedriver[1291:357105] pid(1291)/euid(501) is calling TIS/TSM in non-main thread environment, ERROR : This is NOT allowed. Please call TIS/TSM in main thread!!!
2019-02-26 14:03:45.455 chromedriver[1291:357105] pid(1291)/euid(501) is calling TIS/TSM in non-main thread environment, ERROR : This is NOT allowed. Please call TIS/TSM in main thread!!!
2019-02-26 14:03:45.455 chromedriver[1291:357105] pid(1291)/euid(501) is calling TIS/TSM in non-main thread environment, ERROR : This is NOT allowed. Please call TIS/TSM in main thread!!!
2019-02-26 14:03:45.455 chromedriver[1291:357105] pid(1291)/euid(501) is calling TIS/TSM in non-main thread environment, ERROR : This is NOT allowed. Please call TIS/TSM in main thread!!!
2019-02-26 14:03:45.455 chromedriver[1291:357105] pid(1291)/euid(501) is calling TIS/TSM in non-main thread environment, ERROR : This is NOT allowed. Please call TIS/TSM in main thread!!!
2019-02-26 14:03:45.455 chromedriver[1291:357105] pid(1291)/euid(501) is calling TIS/TSM in non-main thread environment, ERROR : This is NOT allowed. Please call TIS/TSM in main thread!!!
2019-02-26 14:03:45.455 chromedriver[1291:357105] pid(1291)/euid(501) is calling TIS/TSM in non-main thread environment, ERROR : This is NOT allowed. Please call TIS/TSM in main thread!!!
2019-02-26 14:03:45.455 chromedriver[1291:357105] pid(1291)/euid(501) is calling TIS/TSM in non-main thread environment, ERROR : This is NOT allowed. Please call TIS/TSM in main thread!!!
2019-02-26 14:03:45.455 chromedriver[1291:357105] pid(1291)/euid(501) is calling TIS/TSM in non-main thread environment, ERROR : This is NOT allowed. Please call TIS/TSM in main thread!!!
2019-02-26 14:03:45.455 chromedriver[1291:357105] pid(1291)/euid(501) is calling TIS/TSM in non-main thread environment, ERROR : This is NOT allowed. Please call TIS/TSM in main thread!!!
2019-02-26 14:03:45.455 chromedriver[1291:357105] pid(1291)/euid(501) is calling TIS/TSM in non-main thread environment, ERROR : This is NOT allowed. Please call TIS/TSM in main thread!!!
2019-02-26 14:03:45.455 chromedriver[1291:357105] pid(1291)/euid(501) is calling TIS/TSM in non-main thread environment, ERROR : This is NOT allowed. Please call TIS/TSM in main thread!!!
2019-02-26 14:03:45.455 chromedriver[1291:357105] pid(1291)/euid(501) is calling TIS/TSM in non-main thread environment, ERROR : This is NOT allowed. Please call TIS/TSM in main thread!!!
2019-02-26 14:03:45.455 chromedriver[1291:357105] pid(1291)/euid(501) is calling TIS/TSM in non-main thread environment, ERROR : This is NOT allowed. Please call TIS/TSM in main thread!!!
2019-02-26 14:03:45.455 chromedriver[1291:357105] pid(1291)/euid(501) is calling TIS/TSM in non-main thread environment, ERROR : This is NOT allowed. Please call TIS/TSM in main thread!!!
2019-02-26 14:03:45.455 chromedriver[1291:357105] pid(1291)/euid(501) is calling TIS/TSM in non-main thread environment, ERROR : This is NOT allowed. Please call TIS/TSM in main thread!!!
2019-02-26 14:03:45.455 chromedriver[1291:357105] pid(1291)/euid(501) is calling TIS/TSM in non-main thread environment, ERROR : This is NOT allowed. Please call TIS/TSM in main thread!!!
2019-02-26 14:03:45.455 chromedriver[1291:357105] pid(1291)/euid(501) is calling TIS/TSM in non-main thread environment, ERROR : This is NOT allowed. Please call TIS/TSM in main thread!!!
2019-02-26 14:03:45.455 chromedriver[1291:357105] pid(1291)/euid(501) is calling TIS/TSM in non-main thread environment, ERROR : This is NOT allowed. Please call TIS/TSM in main thread!!!
2019-02-26 14:03:45.455 chromedriver[1291:357105] pid(1291)/euid(501) is calling TIS/TSM in non-main thread environment, ERROR : This is NOT allowed. Please call TIS/TSM in main thread!!!
2019-02-26 14:03:45.455 chromedriver[1291:357105] pid(1291)/euid(501) is calling TIS/TSM in non-main thread environment, ERROR : This is NOT allowed. Please call TIS/TSM in main thread!!!
2019-02-26 14:03:45.455 chromedriver[1291:357105] pid(1291)/euid(501) is calling TIS/TSM in non-main thread environment, ERROR : This is NOT allowed. Please call TIS/TSM in main thread!!!
2019-02-26 14:03:45.455 chromedriver[1291:357105] pid(1291)/euid(501) is calling TIS/TSM in non-main thread environment, ERROR : This is NOT allowed. Please call TIS/TSM in main thread!!!
2019-02-26 14:03:45.455 chromedriver[1291:357105] pid(1291)/euid(501) is calling TIS/TSM in non-main thread environment, ERROR : This is NOT allowed. Please call TIS/TSM in main thread!!!
2019-02-26 14:03:45.455 chromedriver[1291:357105] pid(1291)/euid(501) is calling TIS/TSM in non-main thread environment, ERROR : This is NOT allowed. Please call TIS/TSM in main thread!!!
2019-02-26 14:03:45.455 chromedriver[1291:357105] pid(1291)/euid(501) is calling TIS/TSM in non-main thread environment, ERROR : This is NOT allowed. Please call TIS/TSM in main thread!!!
2019-02-26 14:03:45.455 chromedriver[1291:357105] pid(1291)/euid(501) is calling TIS/TSM in non-main thread environment, ERROR : This is NOT allowed. Please call TIS/TSM in main thread!!!
2019-02-26 14:03:45.456 chromedriver[1291:357105] pid(1291)/euid(501) is calling TIS/TSM in non-main thread environment, ERROR : This is NOT allowed. Please call TIS/TSM in main thread!!!
2019-02-26 14:03:45.456 chromedriver[1291:357105] pid(1291)/euid(501) is calling TIS/TSM in non-main thread environment, ERROR : This is NOT allowed. Please call TIS/TSM in main thread!!!
2019-02-26 14:03:45.456 chromedriver[1291:357105] pid(1291)/euid(501) is calling TIS/TSM in non-main thread environment, ERROR : This is NOT allowed. Please call TIS/TSM in main thread!!!
2019-02-26 14:03:45.456 chromedriver[1291:357105] pid(1291)/euid(501) is calling TIS/TSM in non-main thread environment, ERROR : This is NOT allowed. Please call TIS/TSM in main thread!!!
2019-02-26 14:03:45.456 chromedriver[1291:357105] pid(1291)/euid(501) is calling TIS/TSM in non-main thread environment, ERROR : This is NOT allowed. Please call TIS/TSM in main thread!!!
2019-02-26 14:03:45.456 chromedriver[1291:357105] pid(1291)/euid(501) is calling TIS/TSM in non-main thread environment, ERROR : This is NOT allowed. Please call TIS/TSM in main thread!!!
2019-02-26 14:03:45.456 chromedriver[1291:357105] pid(1291)/euid(501) is calling TIS/TSM in non-main thread environment, ERROR : This is NOT allowed. Please call TIS/TSM in main thread!!!
2019-02-26 14:03:45.456 chromedriver[1291:357105] pid(1291)/euid(501) is calling TIS/TSM in non-main thread environment, ERROR : This is NOT allowed. Please call TIS/TSM in main thread!!!
2019-02-26 14:03:45.456 chromedriver[1291:357105] pid(1291)/euid(501) is calling TIS/TSM in non-main thread environment, ERROR : This is NOT allowed. Please call TIS/TSM in main thread!!!
2019-02-26 14:03:45.456 chromedriver[1291:357105] pid(1291)/euid(501) is calling TIS/TSM in non-main thread environment, ERROR : This is NOT allowed. Please call TIS/TSM in main thread!!!
2019-02-26 14:03:45.499 chromedriver[1291:357105] pid(1291)/euid(501) is calling TIS/TSM in non-main thread environment, ERROR : This is NOT allowed. Please call TIS/TSM in main thread!!!
2019-02-26 14:03:45.499 chromedriver[1291:357105] pid(1291)/euid(501) is calling TIS/TSM in non-main thread environment, ERROR : This is NOT allowed. Please call TIS/TSM in main thread!!!
2019-02-26 14:03:45.499 chromedriver[1291:357105] pid(1291)/euid(501) is calling TIS/TSM in non-main thread environment, ERROR : This is NOT allowed. Please call TIS/TSM in main thread!!!
2019-02-26 14:03:45.499 chromedriver[1291:357105] pid(1291)/euid(501) is calling TIS/TSM in non-main thread environment, ERROR : This is NOT allowed. Please call TIS/TSM in main thread!!!
2019-02-26 14:03:45.499 chromedriver[1291:357105] pid(1291)/euid(501) is calling TIS/TSM in non-main thread environment, ERROR : This is NOT allowed. Please call TIS/TSM in main thread!!!
2019-02-26 14:03:45.499 chromedriver[1291:357105] pid(1291)/euid(501) is calling TIS/TSM in non-main thread environment, ERROR : This is NOT allowed. Please call TIS/TSM in main thread!!!
2019-02-26 14:03:45.499 chromedriver[1291:357105] pid(1291)/euid(501) is calling TIS/TSM in non-main thread environment, ERROR : This is NOT allowed. Please call TIS/TSM in main thread!!!
2019-02-26 14:03:45.499 chromedriver[1291:357105] pid(1291)/euid(501) is calling TIS/TSM in non-main thread environment, ERROR : This is NOT allowed. Please call TIS/TSM in main thread!!!
2019-02-26 14:03:45.499 chromedriver[1291:357105] pid(1291)/euid(501) is calling TIS/TSM in non-main thread environment, ERROR : This is NOT allowed. Please call TIS/TSM in main thread!!!
2019-02-26 14:03:45.499 chromedriver[1291:357105] pid(1291)/euid(501) is calling TIS/TSM in non-main thread environment, ERROR : This is NOT allowed. Please call TIS/TSM in main thread!!!
2019-02-26 14:03:45.499 chromedriver[1291:357105] pid(1291)/euid(501) is calling TIS/TSM in non-main thread environment, ERROR : This is NOT allowed. Please call TIS/TSM in main thread!!!
[...]
2019-02-26 14:03:52.352 chromedriver[1291:357105] pid(1291)/euid(501) is calling TIS/TSM in non-main thread environment, ERROR : This is NOT allowed. Please call TIS/TSM in main thread!!!
2019-02-26 14:03:52.353 chromedriver[1291:357105] pid(1291)/euid(501) is calling TIS/TSM in non-main thread environment, ERROR : This is NOT allowed. Please call TIS/TSM in main thread!!!
2019-02-26 14:03:52.353 chromedriver[1291:357105] pid(1291)/euid(501) is calling TIS/TSM in non-main thread environment, ERROR : This is NOT allowed. Please call TIS/TSM in main thread!!!
2019-02-26 14:03:52.353 chromedriver[1291:357105] pid(1291)/euid(501) is calling TIS/TSM in non-main thread environment, ERROR : This is NOT allowed. Please call TIS/TSM in main thread!!!
2019-02-26 14:03:52.353 chromedriver[1291:357105] pid(1291)/euid(501) is calling TIS/TSM in non-main thread environment, ERROR : This is NOT allowed. Please call TIS/TSM in main thread!!!
2019-02-26 14:03:52.353 chromedriver[1291:357105] pid(1291)/euid(501) is calling TIS/TSM in non-main thread environment, ERROR : This is NOT allowed. Please call TIS/TSM in main thread!!!
2019-02-26 14:03:52.353 chromedriver[1291:357105] pid(1291)/euid(501) is calling TIS/TSM in non-main thread environment, ERROR : This is NOT allowed. Please call TIS/TSM in main thread!!!
2019-02-26 14:03:52.353 chromedriver[1291:357105] pid(1291)/euid(501) is calling TIS/TSM in non-main thread environment, ERROR : This is NOT allowed. Please call TIS/TSM in main thread!!!
2019-02-26 14:03:52.353 chromedriver[1291:357105] pid(1291)/euid(501) is calling TIS/TSM in non-main thread environment, ERROR : This is NOT allowed. Please call TIS/TSM in main thread!!!
2019-02-26 14:03:52.353 chromedriver[1291:357105] pid(1291)/euid(501) is calling TIS/TSM in non-main thread environment, ERROR : This is NOT allowed. Please call TIS/TSM in main thread!!!
2019-02-26 14:03:52.353 chromedriver[1291:357105] pid(1291)/euid(501) is calling TIS/TSM in non-main thread environment, ERROR : This is NOT allowed. Please call TIS/TSM in main thread!!!
2019-02-26 14:03:52.353 chromedriver[1291:357105] pid(1291)/euid(501) is calling TIS/TSM in non-main thread environment, ERROR : This is NOT allowed. Please call TIS/TSM in main thread!!!
2019-02-26 14:03:52.353 chromedriver[1291:357105] pid(1291)/euid(501) is calling TIS/TSM in non-main thread environment, ERROR : This is NOT allowed. Please call TIS/TSM in main thread!!!
2019-02-26 14:03:52.353 chromedriver[1291:357105] pid(1291)/euid(501) is calling TIS/TSM in non-main thread environment, ERROR : This is NOT allowed. Please call TIS/TSM in main thread!!!
2019-02-26 14:03:52.353 chromedriver[1291:357105] pid(1291)/euid(501) is calling TIS/TSM in non-main thread environment, ERROR : This is NOT allowed. Please call TIS/TSM in main thread!!!
2019-02-26 14:03:52.353 chromedriver[1291:357105] pid(1291)/euid(501) is calling TIS/TSM in non-main thread environment, ERROR : This is NOT allowed. Please call TIS/TSM in main thread!!!
2019-02-26 14:03:52.402 chromedriver[1291:357105] pid(1291)/euid(501) is calling TIS/TSM in non-main thread environment, ERROR : This is NOT allowed. Please call TIS/TSM in main thread!!!
2019-02-26 14:03:52.402 chromedriver[1291:357105] pid(1291)/euid(501) is calling TIS/TSM in non-main thread environment, ERROR : This is NOT allowed. Please call TIS/TSM in main thread!!!
2019-02-26 14:03:52.403 chromedriver[1291:357105] pid(1291)/euid(501) is calling TIS/TSM in non-main thread environment, ERROR : This is NOT allowed. Please call TIS/TSM in main thread!!!
2019-02-26 14:03:52.403 chromedriver[1291:357105] pid(1291)/euid(501) is calling TIS/TSM in non-main thread environment, ERROR : This is NOT allowed. Please call TIS/TSM in main thread!!!
2019-02-26 14:03:52.403 chromedriver[1291:357105] pid(1291)/euid(501) is calling TIS/TSM in non-main thread environment, ERROR : This is NOT allowed. Please call TIS/TSM in main thread!!!
2019-02-26 14:03:52.403 chromedriver[1291:357105] pid(1291)/euid(501) is calling TIS/TSM in non-main thread environment, ERROR : This is NOT allowed. Please call TIS/TSM in main thread!!!
2019-02-26 14:03:52.403 chromedriver[1291:357105] pid(1291)/euid(501) is calling TIS/TSM in non-main thread environment, ERROR : This is NOT allowed. Please call TIS/TSM in main thread!!!
2019-02-26 14:03:52.403 chromedriver[1291:357105] pid(1291)/euid(501) is calling TIS/TSM in non-main thread environment, ERROR : This is NOT allowed. Please call TIS/TSM in main thread!!!
2019-02-26 14:03:52.403 chromedriver[1291:357105] pid(1291)/euid(501) is calling TIS/TSM in non-main thread environment, ERROR : This is NOT allowed. Please call TIS/TSM in main thread!!!
2019-02-26 14:03:52.403 chromedriver[1291:357105] pid(1291)/euid(501) is calling TIS/TSM in non-main thread environment, ERROR : This is NOT allowed. Please call TIS/TSM in main thread!!!
2019-02-26 14:03:52.403 chromedriver[1291:357105] pid(1291)/euid(501) is calling TIS/TSM in non-main thread environment, ERROR : This is NOT allowed. Please call TIS/TSM in main thread!!!
2019-02-26 14:03:52.403 chromedriver[1291:357105] pid(1291)/euid(501) is calling TIS/TSM in non-main thread environment, ERROR : This is NOT allowed. Please call TIS/TSM in main thread!!!
2019-02-26 14:03:52.403 chromedriver[1291:357105] pid(1291)/euid(501) is calling TIS/TSM in non-main thread environment, ERROR : This is NOT allowed. Please call TIS/TSM in main thread!!!
2019-02-26 14:03:52.403 chromedriver[1291:357105] pid(1291)/euid(501) is calling TIS/TSM in non-main thread environment, ERROR : This is NOT allowed. Please call TIS/TSM in main thread!!!
2019-02-26 14:03:52.403 chromedriver[1291:357105] pid(1291)/euid(501) is calling TIS/TSM in non-main thread environment, ERROR : This is NOT allowed. Please call TIS/TSM in main thread!!!
2019-02-26 14:03:52.403 chromedriver[1291:357105] pid(1291)/euid(501) is calling TIS/TSM in non-main thread environment, ERROR : This is NOT allowed. Please call TIS/TSM in main thread!!!
2019-02-26 14:03:52.403 chromedriver[1291:357105] pid(1291)/euid(501) is calling TIS/TSM in non-main thread environment, ERROR : This is NOT allowed. Please call TIS/TSM in main thread!!!
2019-02-26 14:03:52.403 chromedriver[1291:357105] pid(1291)/euid(501) is calling TIS/TSM in non-main thread environment, ERROR : This is NOT allowed. Please call TIS/TSM in main thread!!!
2019-02-26 14:03:52.403 chromedriver[1291:357105] pid(1291)/euid(501) is calling TIS/TSM in non-main thread environment, ERROR : This is NOT allowed. Please call TIS/TSM in main thread!!!
2019-02-26 14:03:52.403 chromedriver[1291:357105] pid(1291)/euid(501) is calling TIS/TSM in non-main thread environment, ERROR : This is NOT allowed. Please call TIS/TSM in main thread!!!
2019-02-26 14:03:52.403 chromedriver[1291:357105] pid(1291)/euid(501) is calling TIS/TSM in non-main thread environment, ERROR : This is NOT allowed. Please call TIS/TSM in main thread!!!
2019-02-26 14:03:52.403 chromedriver[1291:357105] pid(1291)/euid(501) is calling TIS/TSM in non-main thread environment, ERROR : This is NOT allowed. Please call TIS/TSM in main thread!!!
2019-02-26 14:03:52.403 chromedriver[1291:357105] pid(1291)/euid(501) is calling TIS/TSM in non-main thread environment, ERROR : This is NOT allowed. Please call TIS/TSM in main thread!!!
2019-02-26 14:03:52.403 chromedriver[1291:357105] pid(1291)/euid(501) is calling TIS/TSM in non-main thread environment, ERROR : This is NOT allowed. Please call TIS/TSM in main thread!!!
2019-02-26 14:03:52.403 chromedriver[1291:357105] pid(1291)/euid(501) is calling TIS/TSM in non-main thread environment, ERROR : This is NOT allowed. Please call TIS/TSM in main thread!!!
2019-02-26 14:03:52.403 chromedriver[1291:357105] pid(1291)/euid(501) is calling TIS/TSM in non-main thread environment, ERROR : This is NOT allowed. Please call TIS/TSM in main thread!!!
2019-02-26 14:03:52.403 chromedriver[1291:357105] pid(1291)/euid(501) is calling TIS/TSM in non-main thread environment, ERROR : This is NOT allowed. Please call TIS/TSM in main thread!!!
2019-02-26 14:03:52.403 chromedriver[1291:357105] pid(1291)/euid(501) is calling TIS/TSM in non-main thread environment, ERROR : This is NOT allowed. Please call TIS/TSM in main thread!!!
2019-02-26 14:03:52.403 chromedriver[1291:357105] pid(1291)/euid(501) is calling TIS/TSM in non-main thread environment, ERROR : This is NOT allowed. Please call TIS/TSM in main thread!!!
2019-02-26 14:03:52.403 chromedriver[1291:357105] pid(1291)/euid(501) is calling TIS/TSM in non-main thread environment, ERROR : This is NOT allowed. Please call TIS/TSM in main thread!!!
2019-02-26 14:03:52.403 chromedriver[1291:357105] pid(1291)/euid(501) is calling TIS/TSM in non-main thread environment, ERROR : This is NOT allowed. Please call TIS/TSM in main thread!!!
2019-02-26 14:03:52.403 chromedriver[1291:357105] pid(1291)/euid(501) is calling TIS/TSM in non-main thread environment, ERROR : This is NOT allowed. Please call TIS/TSM in main thread!!!
2019-02-26 14:03:52.403 chromedriver[1291:357105] pid(1291)/euid(501) is calling TIS/TSM in non-main thread environment, ERROR : This is NOT allowed. Please call TIS/TSM in main thread!!!
2019-02-26 14:03:52.403 chromedriver[1291:357105] pid(1291)/euid(501) is calling TIS/TSM in non-main thread environment, ERROR : This is NOT allowed. Please call TIS/TSM in main thread!!!
2019-02-26 14:03:52.403 chromedriver[1291:357105] pid(1291)/euid(501) is calling TIS/TSM in non-main thread environment, ERROR : This is NOT allowed. Please call TIS/TSM in main thread!!!
2019-02-26 14:03:52.403 chromedriver[1291:357105] pid(1291)/euid(501) is calling TIS/TSM in non-main thread environment, ERROR : This is NOT allowed. Please call TIS/TSM in main thread!!!
2019-02-26 14:03:52.404 chromedriver[1291:357105] pid(1291)/euid(501) is calling TIS/TSM in non-main thread environment, ERROR : This is NOT allowed. Please call TIS/TSM in main thread!!!
2019-02-26 14:03:52.404 chromedriver[1291:357105] pid(1291)/euid(501) is calling TIS/TSM in non-main thread environment, ERROR : This is NOT allowed. Please call TIS/TSM in main thread!!!
2019-02-26 14:03:52.404 chromedriver[1291:357105] pid(1291)/euid(501) is calling TIS/TSM in non-main thread environment, ERROR : This is NOT allowed. Please call TIS/TSM in main thread!!!
2019-02-26 14:03:52.404 chromedriver[1291:357105] pid(1291)/euid(501) is calling TIS/TSM in non-main thread environment, ERROR : This is NOT allowed. Please call TIS/TSM in main thread!!!
2019-02-26 14:03:52.404 chromedriver[1291:357105] pid(1291)/euid(501) is calling TIS/TSM in non-main thread environment, ERROR : This is NOT allowed. Please call TIS/TSM in main thread!!!
2019-02-26 14:03:52.404 chromedriver[1291:357105] pid(1291)/euid(501) is calling TIS/TSM in non-main thread environment, ERROR : This is NOT allowed. Please call TIS/TSM in main thread!!!
2019-02-26 14:03:52.404 chromedriver[1291:357105] pid(1291)/euid(501) is calling TIS/TSM in non-main thread environment, ERROR : This is NOT allowed. Please call TIS/TSM in main thread!!!
2019-02-26 14:03:52.404 chromedriver[1291:357105] pid(1291)/euid(501) is calling TIS/TSM in non-main thread environment, ERROR : This is NOT allowed. Please call TIS/TSM in main thread!!!
2019-02-26 14:03:52.459 chromedriver[1291:357105] pid(1291)/euid(501) is calling TIS/TSM in non-main thread environment, ERROR : This is NOT allowed. Please call TIS/TSM in main thread!!!
2019-02-26 14:03:52.459 chromedriver[1291:357105] pid(1291)/euid(501) is calling TIS/TSM in non-main thread environment, ERROR : This is NOT allowed. Please call TIS/TSM in main thread!!!
2019-02-26 14:03:52.459 chromedriver[1291:357105] pid(1291)/euid(501) is calling TIS/TSM in non-main thread environment, ERROR : This is NOT allowed. Please call TIS/TSM in main thread!!!
2019-02-26 14:03:52.460 chromedriver[1291:357105] pid(1291)/euid(501) is calling TIS/TSM in non-main thread environment, ERROR : This is NOT allowed. Please call TIS/TSM in main thread!!!
2019-02-26 14:03:52.460 chromedriver[1291:357105] pid(1291)/euid(501) is calling TIS/TSM in non-main thread environment, ERROR : This is NOT allowed. Please call TIS/TSM in main thread!!!
2019-02-26 14:03:52.460 chromedriver[1291:357105] pid(1291)/euid(501) is calling TIS/TSM in non-main thread environment, ERROR : This is NOT allowed. Please call TIS/TSM in main thread!!!
2019-02-26 14:03:52.460 chromedriver[1291:357105] pid(1291)/euid(501) is calling TIS/TSM in non-main thread environment, ERROR : This is NOT allowed. Please call TIS/TSM in main thread!!!
2019-02-26 14:03:52.460 chromedriver[1291:357105] pid(1291)/euid(501) is calling TIS/TSM in non-main thread environment, ERROR : This is NOT allowed. Please call TIS/TSM in main thread!!!
2019-02-26 14:03:52.460 chromedriver[1291:357105] pid(1291)/euid(501) is calling TIS/TSM in non-main thread environment, ERROR : This is NOT allowed. Please call TIS/TSM in main thread!!!
2019-02-26 14:03:52.460 chromedriver[1291:357105] pid(1291)/euid(501) is calling TIS/TSM in non-main thread environment, ERROR : This is NOT allowed. Please call TIS/TSM in main thread!!!
2019-02-26 14:03:52.460 chromedriver[1291:357105] pid(1291)/euid(501) is calling TIS/TSM in non-main thread environment, ERROR : This is NOT allowed. Please call TIS/TSM in main thread!!!
2019-02-26 14:03:52.460 chromedriver[1291:357105] pid(1291)/euid(501) is calling TIS/TSM in non-main thread environment, ERROR : This is NOT allowed. Please call TIS/TSM in main thread!!!
2019-02-26 14:03:52.460 chromedriver[1291:357105] pid(1291)/euid(501) is calling TIS/TSM in non-main thread environment, ERROR : This is NOT allowed. Please call TIS/TSM in main thread!!!
2019-02-26 14:03:52.460 chromedriver[1291:357105] pid(1291)/euid(501) is calling TIS/TSM in non-main thread environment, ERROR : This is NOT allowed. Please call TIS/TSM in main thread!!!
2019-02-26 14:03:52.460 chromedriver[1291:357105] pid(1291)/euid(501) is calling TIS/TSM in non-main thread environment, ERROR : This is NOT allowed. Please call TIS/TSM in main thread!!!
2019-02-26 14:03:52.460 chromedriver[1291:357105] pid(1291)/euid(501) is calling TIS/TSM in non-main thread environment, ERROR : This is NOT allowed. Please call TIS/TSM in main thread!!!
2019-02-26 14:03:52.460 chromedriver[1291:357105] pid(1291)/euid(501) is calling TIS/TSM in non-main thread environment, ERROR : This is NOT allowed. Please call TIS/TSM in main thread!!!
2019-02-26 14:03:52.460 chromedriver[1291:357105] pid(1291)/euid(501) is calling TIS/TSM in non-main thread environment, ERROR : This is NOT allowed. Please call TIS/TSM in main thread!!!
2019-02-26 14:03:52.460 chromedriver[1291:357105] pid(1291)/euid(501) is calling TIS/TSM in non-main thread environment, ERROR : This is NOT allowed. Please call TIS/TSM in main thread!!!
2019-02-26 14:03:52.460 chromedriver[1291:357105] pid(1291)/euid(501) is calling TIS/TSM in non-main thread environment, ERROR : This is NOT allowed. Please call TIS/TSM in main thread!!!
2019-02-26 14:03:52.460 chromedriver[1291:357105] pid(1291)/euid(501) is calling TIS/TSM in non-main thread environment, ERROR : This is NOT allowed. Please call TIS/TSM in main thread!!!
2019-02-26 14:03:52.460 chromedriver[1291:357105] pid(1291)/euid(501) is calling TIS/TSM in non-main thread environment, ERROR : This is NOT allowed. Please call TIS/TSM in main thread!!!
2019-02-26 14:03:52.460 chromedriver[1291:357105] pid(1291)/euid(501) is calling TIS/TSM in non-main thread environment, ERROR : This is NOT allowed. Please call TIS/TSM in main thread!!!
2019-02-26 14:03:52.460 chromedriver[1291:357105] pid(1291)/euid(501) is calling TIS/TSM in non-main thread environment, ERROR : This is NOT allowed. Please call TIS/TSM in main thread!!!
2019-02-26 14:03:52.460 chromedriver[1291:357105] pid(1291)/euid(501) is calling TIS/TSM in non-main thread environment, ERROR : This is NOT allowed. Please call TIS/TSM in main thread!!!
2019-02-26 14:03:52.460 chromedriver[1291:357105] pid(1291)/euid(501) is calling TIS/TSM in non-main thread environment, ERROR : This is NOT allowed. Please call TIS/TSM in main thread!!!
2019-02-26 14:03:52.460 chromedriver[1291:357105] pid(1291)/euid(501) is calling TIS/TSM in non-main thread environment, ERROR : This is NOT allowed. Please call TIS/TSM in main thread!!!
2019-02-26 14:03:52.460 chromedriver[1291:357105] pid(1291)/euid(501) is calling TIS/TSM in non-main thread environment, ERROR : This is NOT allowed. Please call TIS/TSM in main thread!!!
2019-02-26 14:03:52.460 chromedriver[1291:357105] pid(1291)/euid(501) is calling TIS/TSM in non-main thread environment, ERROR : This is NOT allowed. Please call TIS/TSM in main thread!!!
2019-02-26 14:03:52.460 chromedriver[1291:357105] pid(1291)/euid(501) is calling TIS/TSM in non-main thread environment, ERROR : This is NOT allowed. Please call TIS/TSM in main thread!!!
2019-02-26 14:03:52.460 chromedriver[1291:357105] pid(1291)/euid(501) is calling TIS/TSM in non-main thread environment, ERROR : This is NOT allowed. Please call TIS/TSM in main thread!!!
2019-02-26 14:03:52.460 chromedriver[1291:357105] pid(1291)/euid(501) is calling TIS/TSM in non-main thread environment, ERROR : This is NOT allowed. Please call TIS/TSM in main thread!!!
2019-02-26 14:03:52.460 chromedriver[1291:357105] pid(1291)/euid(501) is calling TIS/TSM in non-main thread environment, ERROR : This is NOT allowed. Please call TIS/TSM in main thread!!!
2019-02-26 14:03:52.460 chromedriver[1291:357105] pid(1291)/euid(501) is calling TIS/TSM in non-main thread environment, ERROR : This is NOT allowed. Please call TIS/TSM in main thread!!!
2019-02-26 14:03:52.460 chromedriver[1291:357105] pid(1291)/euid(501) is calling TIS/TSM in non-main thread environment, ERROR : This is NOT allowed. Please call TIS/TSM in main thread!!!
2019-02-26 14:03:52.461 chromedriver[1291:357105] pid(1291)/euid(501) is calling TIS/TSM in non-main thread environment, ERROR : This is NOT allowed. Please call TIS/TSM in main thread!!!
2019-02-26 14:03:52.461 chromedriver[1291:357105] pid(1291)/euid(501) is calling TIS/TSM in non-main thread environment, ERROR : This is NOT allowed. Please call TIS/TSM in main thread!!!
2019-02-26 14:03:52.461 chromedriver[1291:357105] pid(1291)/euid(501) is calling TIS/TSM in non-main thread environment, ERROR : This is NOT allowed. Please call TIS/TSM in main thread!!!
2019-02-26 14:03:52.461 chromedriver[1291:357105] pid(1291)/euid(501) is calling TIS/TSM in non-main thread environment, ERROR : This is NOT allowed. Please call TIS/TSM in main thread!!!
2019-02-26 14:03:52.461 chromedriver[1291:357105] pid(1291)/euid(501) is calling TIS/TSM in non-main thread environment, ERROR : This is NOT allowed. Please call TIS/TSM in main thread!!!
2019-02-26 14:03:52.461 chromedriver[1291:357105] pid(1291)/euid(501) is calling TIS/TSM in non-main thread environment, ERROR : This is NOT allowed. Please call TIS/TSM in main thread!!!
2019-02-26 14:03:52.461 chromedriver[1291:357105] pid(1291)/euid(501) is calling TIS/TSM in non-main thread environment, ERROR : This is NOT allowed. Please call TIS/TSM in main thread!!!
2019-02-26 14:03:52.461 chromedriver[1291:357105] pid(1291)/euid(501) is calling TIS/TSM in non-main thread environment, ERROR : This is NOT allowed. Please call TIS/TSM in main thread!!!
]]></system-err>
  </testcase>
  <testcase name="usernamePasswordSpaceAfterwardsLogin[0]" classname="TestLoginLogout" time="23.075"/>
  <testcase name="emptyPasswordLogin[0]" classname="TestLoginLogout" time="16.331"/>
  <testcase name="LoginFunctionalityAndElements[0]" classname="TestLoginLogout" time="7.917"/>
  <testcase name="digitsUsernamePasswordLogin[0]" classname="TestLoginLogout" time="22.546"/>
  <testcase name="emptyFieldsLogin[0]" classname="TestLoginLogout" time="10.615"/>
</testsuite>