<?xml version="1.0" encoding="UTF-8"?><testsuite errors="0" failures="0" name="TestContactPage" skipped="0" tests="6" time="76.48" timestamp="2019-02-57 02:03:15"><testcase classname="TestContactPage" name="Contact form invalid credentials"/><testcase classname="TestContactPage" name="Contact form empty fields"/><testcase classname="TestContactPage" name="Contact - Cancel button functionalityZ"/><testcase classname="TestContactPage" name="Contact functionality"/><testcase classname="TestContactPage" name="Contact Elements"/><testcase classname="TestContactPage" name="Contact Form"/></testsuite>