<?xml version="1.0" encoding="UTF-8"?><testsuite errors="0" failures="1" name="TestLoginLogout" skipped="0" tests="7" time="113.48" timestamp="2019-02-57 02:05:38"><testcase classname="TestLoginLogout" name="Invalid credentials (valid username and password with a space afterwards)"/><testcase classname="TestLoginLogout" name="Invalid credentials (valid username and password with a space afterwards)"/><testcase classname="TestLoginLogout" name="Empty field for username"/><testcase classname="TestLoginLogout" name="Login button functionality and elements are present"/><testcase classname="TestLoginLogout" name="Succesfull login"><failure message="Timed out after 15 seconds waiting for By.cssSelector: a.nav-link[data-target*=&quot;#logInModal&quot;] to be displayed&#10;Build info: version: '3.4.0', revision: 'unknown', time: 'unknown'&#10;System info: host: 'Mariuss-MacBook-Air.local', ip: 'fe80:0:0:0:caa:bcce:1620:ed6d%en0', os.name: 'Mac OS X', os.arch: 'x86_64', os.version: '10.14.3', java.version: '1.8.0_202'&#10;Driver info: driver.version: unknown&#10;Build info: version: '3.4.0', revision: 'unknown', time: 'unknown'&#10;System info: host: 'Mariuss-MacBook-Air.local', ip: 'fe80:0:0:0:caa:bcce:1620:ed6d%en0', os.name: 'Mac OS X', os.arch: 'x86_64', os.version: '10.14.3', java.version: '1.8.0_202'&#10;Driver info: driver.version: unknown&#10;Build info: version: '3.4.0', revision: 'unknown', time: 'unknown'&#10;System info: host: 'Mariuss-MacBook-Air.local', ip: 'fe80:0:0:0:caa:bcce:1620:ed6d%en0', os.name: 'Mac OS X', os.arch: 'x86_64', os.version: '10.14.3', java.version: '1.8.0_202'&#10;Driver info: driver.version: unknown" type="net.thucydides.core.webdriver.exceptions.ElementShouldBeVisibleException">Timed out after 15 seconds waiting for By.cssSelector: a.nav-link[data-target*="#logInModal"] to be displayed
Build info: version: '3.4.0', revision: 'unknown', time: 'unknown'
System info: host: 'Mariuss-MacBook-Air.local', ip: 'fe80:0:0:0:caa:bcce:1620:ed6d%en0', os.name: 'Mac OS X', os.arch: 'x86_64', os.version: '10.14.3', java.version: '1.8.0_202'
Driver info: driver.version: unknown
Build info: version: '3.4.0', revision: 'unknown', time: 'unknown'
System info: host: 'Mariuss-MacBook-Air.local', ip: 'fe80:0:0:0:caa:bcce:1620:ed6d%en0', os.name: 'Mac OS X', os.arch: 'x86_64', os.version: '10.14.3', java.version: '1.8.0_202'
Driver info: driver.version: unknown
Build info: version: '3.4.0', revision: 'unknown', time: 'unknown'
System info: host: 'Mariuss-MacBook-Air.local', ip: 'fe80:0:0:0:caa:bcce:1620:ed6d%en0', os.name: 'Mac OS X', os.arch: 'x86_64', os.version: '10.14.3', java.version: '1.8.0_202'
Driver info: driver.version: unknown</failure><system-err>Timed out after 15 seconds waiting for By.cssSelector: a.nav-link[data-target*="#logInModal"] to be displayed
Build info: version: '3.4.0', revision: 'unknown', time: 'unknown'
System info: host: 'Mariuss-MacBook-Air.local', ip: 'fe80:0:0:0:caa:bcce:1620:ed6d%en0', os.name: 'Mac OS X', os.arch: 'x86_64', os.version: '10.14.3', java.version: '1.8.0_202'
Driver info: driver.version: unknown
Build info: version: '3.4.0', revision: 'unknown', time: 'unknown'
System info: host: 'Mariuss-MacBook-Air.local', ip: 'fe80:0:0:0:caa:bcce:1620:ed6d%en0', os.name: 'Mac OS X', os.arch: 'x86_64', os.version: '10.14.3', java.version: '1.8.0_202'
Driver info: driver.version: unknown
Build info: version: '3.4.0', revision: 'unknown', time: 'unknown'
System info: host: 'Mariuss-MacBook-Air.local', ip: 'fe80:0:0:0:caa:bcce:1620:ed6d%en0', os.name: 'Mac OS X', os.arch: 'x86_64', os.version: '10.14.3', java.version: '1.8.0_202'
Driver info: driver.version: unknown
pages.LoginLogoutPage.successfulLogin(LoginLogoutPage.java:69)
steps.LoginLogoutPageSteps.successfullLogin(LoginLogoutPageSteps.java:19)
TestLoginLogout.successfulLogin(TestLoginLogout.java:61)
</system-err></testcase><testcase classname="TestLoginLogout" name="Empty field for password"/><testcase classname="TestLoginLogout" name="Empty fields login"/></testsuite>