<?xml version="1.0" encoding="UTF-8"?><testsuite errors="0" failures="0" name="Test_Forgot_Password_NegativeTesting" skipped="0" tests="3" time="35.44" timestamp="2019-03-84 11:31:48"><testcase classname="Test_Forgot_Password_NegativeTesting" name="Invalid email (invalid email - without @gmail.com for example)"/><testcase classname="Test_Forgot_Password_NegativeTesting" name="Invalid email (special characters)"/><testcase classname="Test_Forgot_Password_NegativeTesting" name="Invalid email (empty field)"/></testsuite>