<?xml version="1.0" encoding="UTF-8"?><testsuite errors="0" failures="0" name="TestSignUp" skipped="0" tests="11" time="129.82" timestamp="2019-02-57 02:08:44"><testcase classname="TestSignUp" name="Invalid credentials (special characters for username and password"/><testcase classname="TestSignUp" name="Invalid credentials (lowercase credentials for password"/><testcase classname="TestSignUp" name="Sign up empty fields"/><testcase classname="TestSignUp" name="Username and Password text is present"/><testcase classname="TestSignUp" name="Sign up username with valid credentials and empty password field"/><testcase classname="TestSignUp" name="Sign Up functionality"/><testcase classname="TestSignUp" name="Empty field for username and valid credentials for password"/><testcase classname="TestSignUp" name="Invalid credentials (uppercase credentials for password"/><testcase classname="TestSignUp" name="Invalid credentials (select space to put blank space for username and password )"/><testcase classname="TestSignUp" name="Invalid credentials (valid username and password and a blank space)"/><testcase classname="TestSignUp" name="Empty field for username and valid credentials for password"/></testsuite>