<?xml version="1.0" encoding="UTF-8"?><testsuite errors="0" failures="0" name="Test_Register_NegativeTesting" skipped="0" tests="8" time="196.42" timestamp="2019-03-81 01:54:53"><testcase classname="Test_Register_NegativeTesting" name="Blank Confirm Password field"/><testcase classname="Test_Register_NegativeTesting" name="Special characters on company field"/><testcase classname="Test_Register_NegativeTesting" name="Special characters on name field"/><testcase classname="Test_Register_NegativeTesting" name="Blank Email field"/><testcase classname="Test_Register_NegativeTesting" name="Blank Name field"/><testcase classname="Test_Register_NegativeTesting" name="Blank Email field"/><testcase classname="Test_Register_NegativeTesting" name="Special characters on email field"/><testcase classname="Test_Register_NegativeTesting" name="Blank Company field"/></testsuite>