<?xml version="1.0" encoding="UTF-8"?><testsuite errors="0" failures="0" name="Test_Login_Flow" skipped="0" tests="6" time="77.34" timestamp="2019-03-80 04:09:04"><testcase classname="Test_Login_Flow" name="Invalid email - password - empty field"/><testcase classname="Test_Login_Flow" name="Successful login"/><testcase classname="Test_Login_Flow" name="Invalid email - password - specialCharacters"/><testcase classname="Test_Login_Flow" name="Invalid email - password - digits"/><testcase classname="Test_Login_Flow" name="Invalid password - empty field"/><testcase classname="Test_Login_Flow" name="Invalid email - empty field"/></testsuite>