<?xml version="1.0" encoding="UTF-8"?><testsuite errors="0" failures="0" name="Test_Login_NegativeTesting" skipped="0" tests="5" time="60.26" timestamp="2019-03-81 01:56:46"><testcase classname="Test_Login_NegativeTesting" name="Invalid email - password - empty field"/><testcase classname="Test_Login_NegativeTesting" name="Invalid email - password - specialCharacters"/><testcase classname="Test_Login_NegativeTesting" name="Invalid email - password - digits"/><testcase classname="Test_Login_NegativeTesting" name="Invalid password - empty field"/><testcase classname="Test_Login_NegativeTesting" name="Invalid email - empty field"/></testsuite>