<?xml version="1.0" encoding="UTF-8"?><testsuite errors="1" failures="0" name="Register_Test" skipped="0" tests="1" time="0.14" timestamp="2019-05-147 02:24:22"><testcase classname="Register_Test" name="Register Elements"><error message="Could not instantiate new WebDriver instance of type class org.openqa.selenium.chrome.ChromeDriver (The driver executable does not exist: C:\Users\marius.cuibus\Desktop\Automation\Project\webdrivers\chromedriver.exe" type="net.thucydides.core.webdriver.UnsupportedDriverException">Could not instantiate new WebDriver instance of type class org.openqa.selenium.chrome.ChromeDriver (The driver executable does not exist: C:\Users\marius.cuibus\Desktop\Automation\Project\webdrivers\chromedriver.exe</error><system-err>Could not instantiate new WebDriver instance of type class org.openqa.selenium.chrome.ChromeDriver (The driver executable does not exist: C:\Users\marius.cuibus\Desktop\Automation\Project\webdrivers\chromedriver.exe&#13;
Register_Test.setupBrowser(Register_Test.java:35)&#13;
</system-err></testcase></testsuite>